mysqld, Version: 5.7.36-log (MySQL Community Server (GPL)). started with:
Tcp port: 0  Unix socket: /var/run/mysqld/mysqld.sock
Time                 Id Command    Argument
# Time: 2022-10-28T01:01:39.857182Z
# User@Host: root[root] @  [172.21.0.2]  Id:     2
# Query_time: 0.000722  Lock_time: 0.000072 Rows_sent: 0  Rows_examined: 5
use kefu_master;
SET timestamp=1666918899;
SELECT * FROM `god_kefu_seat`  WHERE (online = 1);
# Time: 2022-10-28T01:01:39.862435Z
# User@Host: root[root] @  [172.21.0.2]  Id:     2
# Query_time: 0.000162  Lock_time: 0.000035 Rows_sent: 0  Rows_examined: 12
SET timestamp=1666918899;
SELECT * FROM `god_kefu_cust`  WHERE (online = 1);
# Time: 2022-10-28T01:04:30.067624Z
# User@Host: root[root] @  [172.18.0.1]  Id:     3
# Query_time: 0.000960  Lock_time: 0.000749 Rows_sent: 1  Rows_examined: 9
SET timestamp=1666919070;
SELECT COUNT(*) AS support_ndb FROM information_schema.ENGINES WHERE Engine = 'ndbcluster';
# Time: 2022-10-28T01:04:30.140662Z
# User@Host: root[root] @  [172.18.0.1]  Id:     3
# Query_time: 0.064905  Lock_time: 0.000090 Rows_sent: 7  Rows_examined: 7
SET timestamp=1666919070;
SELECT SCHEMA_NAME, DEFAULT_CHARACTER_SET_NAME, DEFAULT_COLLATION_NAME FROM information_schema.SCHEMATA;
# Time: 2022-10-28T01:04:31.797699Z
# User@Host: root[root] @  [172.18.0.1]  Id:     3
# Query_time: 0.024226  Lock_time: 0.016890 Rows_sent: 3  Rows_examined: 59
use laravel_mall;
SET timestamp=1666919071;
SELECT COUNT(*) FROM information_schema.TABLES WHERE TABLE_SCHEMA = 'laravel_mall' UNION SELECT COUNT(*) FROM information_schema.COLUMNS WHERE TABLE_SCHEMA = 'laravel_mall' UNION SELECT COUNT(*) FROM information_schema.ROUTINES WHERE ROUTINE_SCHEMA = 'laravel_mall';
# Time: 2022-10-28T01:04:31.799218Z
# User@Host: root[root] @  [172.18.0.1]  Id:     3
# Query_time: 0.000528  Lock_time: 0.000090 Rows_sent: 1  Rows_examined: 2
SET timestamp=1666919071;
SELECT TABLE_SCHEMA, TABLE_NAME, TABLE_TYPE FROM information_schema.TABLES WHERE TABLE_SCHEMA = 'laravel_mall' ORDER BY TABLE_SCHEMA, TABLE_TYPE;
# Time: 2022-10-28T01:04:31.801854Z
# User@Host: root[root] @  [172.18.0.1]  Id:     3
# Query_time: 0.001442  Lock_time: 0.000922 Rows_sent: 7  Rows_examined: 14
SET timestamp=1666919071;
SELECT TABLE_SCHEMA, TABLE_NAME, COLUMN_NAME, COLUMN_TYPE FROM information_schema.COLUMNS WHERE TABLE_SCHEMA = 'laravel_mall' ORDER BY TABLE_SCHEMA, TABLE_NAME;
# Time: 2022-10-28T01:04:31.809430Z
# User@Host: root[root] @  [172.18.0.1]  Id:     3
# Query_time: 0.006106  Lock_time: 0.003285 Rows_sent: 0  Rows_examined: 48
SET timestamp=1666919071;
SELECT DISTINCT ROUTINE_SCHEMA, ROUTINE_NAME, PARAMS.PARAMETER FROM information_schema.ROUTINES LEFT JOIN ( SELECT SPECIFIC_SCHEMA, SPECIFIC_NAME, GROUP_CONCAT(CONCAT(DATA_TYPE, ' ', PARAMETER_NAME) ORDER BY ORDINAL_POSITION SEPARATOR ', ') PARAMETER, ROUTINE_TYPE FROM information_schema.PARAMETERS GROUP BY SPECIFIC_SCHEMA, SPECIFIC_NAME, ROUTINE_TYPE ) PARAMS ON ROUTINES.ROUTINE_SCHEMA = PARAMS.SPECIFIC_SCHEMA AND ROUTINES.ROUTINE_NAME = PARAMS.SPECIFIC_NAME AND ROUTINES.ROUTINE_TYPE = PARAMS.ROUTINE_TYPE WHERE ROUTINE_SCHEMA = 'laravel_mall' ORDER BY ROUTINE_SCHEMA;
# Time: 2022-10-28T01:04:37.166360Z
# User@Host: root[root] @  [172.18.0.1]  Id:     3
# Query_time: 0.000199  Lock_time: 0.000080 Rows_sent: 1  Rows_examined: 1
SET timestamp=1666919077;
SELECT * FROM `laravel_mall`.`users` LIMIT 0,1000;
# Time: 2022-10-28T01:04:48.527141Z
# User@Host: root[root] @  [172.18.0.1]  Id:     3
# Query_time: 0.028773  Lock_time: 0.001752 Rows_sent: 0  Rows_examined: 0
SET timestamp=1666919088;
SELECT ACTION_ORDER, EVENT_OBJECT_TABLE, TRIGGER_NAME, EVENT_MANIPULATION, EVENT_OBJECT_TABLE, DEFINER, ACTION_STATEMENT, ACTION_TIMING FROM information_schema.triggers WHERE BINARY event_object_schema = 'laravel_mall' AND BINARY event_object_table = 'users' ORDER BY event_object_table;
# Time: 2022-10-28T01:04:58.209068Z
# User@Host: root[root] @  [172.18.0.1]  Id:     3
# Query_time: 0.007231  Lock_time: 0.001042 Rows_sent: 0  Rows_examined: 0
SET timestamp=1666919098;
SELECT ACTION_ORDER, EVENT_OBJECT_TABLE, TRIGGER_NAME, EVENT_MANIPULATION, EVENT_OBJECT_TABLE, DEFINER, ACTION_STATEMENT, ACTION_TIMING FROM information_schema.triggers WHERE BINARY event_object_schema = 'laravel_mall' AND BINARY event_object_table = 'users' ORDER BY event_object_table;
# Time: 2022-10-28T01:05:00.015685Z
# User@Host: root[root] @  [172.21.0.2]  Id:     6
# Query_time: 0.000319  Lock_time: 0.000045 Rows_sent: 0  Rows_examined: 5
use kefu_master;
SET timestamp=1666919100;
SELECT * FROM `god_kefu_seat`  WHERE (online = 1);
# Time: 2022-10-28T01:05:00.017395Z
# User@Host: root[root] @  [172.21.0.2]  Id:     6
# Query_time: 0.000161  Lock_time: 0.000025 Rows_sent: 0  Rows_examined: 12
SET timestamp=1666919100;
SELECT * FROM `god_kefu_cust`  WHERE (online = 1);
# Time: 2022-10-28T01:05:01.003509Z
# User@Host: root[root] @  [172.21.0.2]  Id:     6
# Query_time: 0.000234  Lock_time: 0.000040 Rows_sent: 0  Rows_examined: 5
SET timestamp=1666919101;
SELECT * FROM `god_kefu_seat`  WHERE (online = 1);
# Time: 2022-10-28T01:05:01.004945Z
# User@Host: root[root] @  [172.21.0.2]  Id:     6
# Query_time: 0.000162  Lock_time: 0.000033 Rows_sent: 0  Rows_examined: 12
SET timestamp=1666919101;
SELECT * FROM `god_kefu_cust`  WHERE (online = 1);
# Time: 2022-10-28T01:05:02.004417Z
# User@Host: root[root] @  [172.21.0.2]  Id:     6
# Query_time: 0.000218  Lock_time: 0.000040 Rows_sent: 0  Rows_examined: 5
SET timestamp=1666919102;
SELECT * FROM `god_kefu_seat`  WHERE (online = 1);
# Time: 2022-10-28T01:05:02.006030Z
# User@Host: root[root] @  [172.21.0.2]  Id:     6
# Query_time: 0.000157  Lock_time: 0.000028 Rows_sent: 0  Rows_examined: 12
SET timestamp=1666919102;
SELECT * FROM `god_kefu_cust`  WHERE (online = 1);
# Time: 2022-10-28T01:05:03.003425Z
# User@Host: root[root] @  [172.21.0.2]  Id:     6
# Query_time: 0.000203  Lock_time: 0.000040 Rows_sent: 0  Rows_examined: 5
SET timestamp=1666919103;
SELECT * FROM `god_kefu_seat`  WHERE (online = 1);
# Time: 2022-10-28T01:05:03.004871Z
# User@Host: root[root] @  [172.21.0.2]  Id:     6
# Query_time: 0.000161  Lock_time: 0.000030 Rows_sent: 0  Rows_examined: 12
SET timestamp=1666919103;
SELECT * FROM `god_kefu_cust`  WHERE (online = 1);
# Time: 2022-10-28T01:05:04.005322Z
# User@Host: root[root] @  [172.21.0.2]  Id:     6
# Query_time: 0.000310  Lock_time: 0.000103 Rows_sent: 0  Rows_examined: 5
SET timestamp=1666919104;
SELECT * FROM `god_kefu_seat`  WHERE (online = 1);
# Time: 2022-10-28T01:05:04.006976Z
# User@Host: root[root] @  [172.21.0.2]  Id:     6
# Query_time: 0.000150  Lock_time: 0.000026 Rows_sent: 0  Rows_examined: 12
SET timestamp=1666919104;
SELECT * FROM `god_kefu_cust`  WHERE (online = 1);
# Time: 2022-10-28T01:05:05.002576Z
# User@Host: root[root] @  [172.21.0.2]  Id:     6
# Query_time: 0.000205  Lock_time: 0.000057 Rows_sent: 0  Rows_examined: 5
SET timestamp=1666919105;
SELECT * FROM `god_kefu_seat`  WHERE (online = 1);
# Time: 2022-10-28T01:05:05.003921Z
# User@Host: root[root] @  [172.21.0.2]  Id:     6
# Query_time: 0.000143  Lock_time: 0.000029 Rows_sent: 0  Rows_examined: 12
SET timestamp=1666919105;
SELECT * FROM `god_kefu_cust`  WHERE (online = 1);
# Time: 2022-10-28T01:05:06.004421Z
# User@Host: root[root] @  [172.21.0.2]  Id:     6
# Query_time: 0.000246  Lock_time: 0.000053 Rows_sent: 0  Rows_examined: 5
SET timestamp=1666919106;
SELECT * FROM `god_kefu_seat`  WHERE (online = 1);
# Time: 2022-10-28T01:05:06.006371Z
# User@Host: root[root] @  [172.21.0.2]  Id:     6
# Query_time: 0.000161  Lock_time: 0.000029 Rows_sent: 0  Rows_examined: 12
SET timestamp=1666919106;
SELECT * FROM `god_kefu_cust`  WHERE (online = 1);
# Time: 2022-10-28T01:05:07.005329Z
# User@Host: root[root] @  [172.21.0.2]  Id:     6
# Query_time: 0.000363  Lock_time: 0.000053 Rows_sent: 0  Rows_examined: 5
SET timestamp=1666919107;
SELECT * FROM `god_kefu_seat`  WHERE (online = 1);
# Time: 2022-10-28T01:05:07.007193Z
# User@Host: root[root] @  [172.21.0.2]  Id:     6
# Query_time: 0.000230  Lock_time: 0.000032 Rows_sent: 0  Rows_examined: 12
SET timestamp=1666919107;
SELECT * FROM `god_kefu_cust`  WHERE (online = 1);
# Time: 2022-10-28T01:05:07.475888Z
# User@Host: root[root] @  [172.18.0.1]  Id:     3
# Query_time: 0.005760  Lock_time: 0.001110 Rows_sent: 0  Rows_examined: 0
use laravel_mall;
SET timestamp=1666919107;
SELECT ACTION_ORDER, EVENT_OBJECT_TABLE, TRIGGER_NAME, EVENT_MANIPULATION, EVENT_OBJECT_TABLE, DEFINER, ACTION_STATEMENT, ACTION_TIMING FROM information_schema.triggers WHERE BINARY event_object_schema = 'laravel_mall' AND BINARY event_object_table = 'users' ORDER BY event_object_table;
# Time: 2022-10-28T01:05:08.003323Z
# User@Host: root[root] @  [172.21.0.2]  Id:     6
# Query_time: 0.000218  Lock_time: 0.000054 Rows_sent: 0  Rows_examined: 5
use kefu_master;
SET timestamp=1666919108;
SELECT * FROM `god_kefu_seat`  WHERE (online = 1);
# Time: 2022-10-28T01:05:08.004647Z
# User@Host: root[root] @  [172.21.0.2]  Id:     6
# Query_time: 0.000169  Lock_time: 0.000030 Rows_sent: 0  Rows_examined: 12
SET timestamp=1666919108;
SELECT * FROM `god_kefu_cust`  WHERE (online = 1);
# Time: 2022-10-28T01:05:09.003978Z
# User@Host: root[root] @  [172.21.0.2]  Id:     6
# Query_time: 0.000248  Lock_time: 0.000048 Rows_sent: 0  Rows_examined: 5
SET timestamp=1666919109;
SELECT * FROM `god_kefu_seat`  WHERE (online = 1);
# Time: 2022-10-28T01:05:09.005633Z
# User@Host: root[root] @  [172.21.0.2]  Id:     6
# Query_time: 0.000190  Lock_time: 0.000034 Rows_sent: 0  Rows_examined: 12
SET timestamp=1666919109;
SELECT * FROM `god_kefu_cust`  WHERE (online = 1);
# Time: 2022-10-28T01:05:10.003624Z
# User@Host: root[root] @  [172.21.0.2]  Id:     6
# Query_time: 0.000200  Lock_time: 0.000040 Rows_sent: 0  Rows_examined: 5
SET timestamp=1666919110;
SELECT * FROM `god_kefu_seat`  WHERE (online = 1);
# Time: 2022-10-28T01:05:10.004777Z
# User@Host: root[root] @  [172.21.0.2]  Id:     6
# Query_time: 0.000191  Lock_time: 0.000046 Rows_sent: 0  Rows_examined: 12
SET timestamp=1666919110;
SELECT * FROM `god_kefu_cust`  WHERE (online = 1);
# Time: 2022-10-28T01:05:11.004632Z
# User@Host: root[root] @  [172.21.0.2]  Id:     6
# Query_time: 0.000253  Lock_time: 0.000053 Rows_sent: 0  Rows_examined: 5
SET timestamp=1666919111;
SELECT * FROM `god_kefu_seat`  WHERE (online = 1);
# Time: 2022-10-28T01:05:11.006316Z
# User@Host: root[root] @  [172.21.0.2]  Id:     6
# Query_time: 0.000305  Lock_time: 0.000176 Rows_sent: 0  Rows_examined: 12
SET timestamp=1666919111;
SELECT * FROM `god_kefu_cust`  WHERE (online = 1);
# Time: 2022-10-28T01:05:12.004388Z
# User@Host: root[root] @  [172.21.0.2]  Id:     6
# Query_time: 0.000330  Lock_time: 0.000107 Rows_sent: 0  Rows_examined: 5
SET timestamp=1666919112;
SELECT * FROM `god_kefu_seat`  WHERE (online = 1);
# Time: 2022-10-28T01:05:12.005895Z
# User@Host: root[root] @  [172.21.0.2]  Id:     6
# Query_time: 0.000158  Lock_time: 0.000029 Rows_sent: 0  Rows_examined: 12
SET timestamp=1666919112;
SELECT * FROM `god_kefu_cust`  WHERE (online = 1);
# Time: 2022-10-28T01:05:13.004487Z
# User@Host: root[root] @  [172.21.0.2]  Id:     6
# Query_time: 0.000244  Lock_time: 0.000049 Rows_sent: 0  Rows_examined: 5
SET timestamp=1666919113;
SELECT * FROM `god_kefu_seat`  WHERE (online = 1);
# Time: 2022-10-28T01:05:13.006122Z
# User@Host: root[root] @  [172.21.0.2]  Id:     6
# Query_time: 0.000214  Lock_time: 0.000030 Rows_sent: 0  Rows_examined: 12
SET timestamp=1666919113;
SELECT * FROM `god_kefu_cust`  WHERE (online = 1);
# Time: 2022-10-28T01:05:14.003640Z
# User@Host: root[root] @  [172.21.0.2]  Id:     6
# Query_time: 0.000243  Lock_time: 0.000049 Rows_sent: 0  Rows_examined: 5
SET timestamp=1666919114;
SELECT * FROM `god_kefu_seat`  WHERE (online = 1);
# Time: 2022-10-28T01:05:14.005173Z
# User@Host: root[root] @  [172.21.0.2]  Id:     6
# Query_time: 0.000213  Lock_time: 0.000041 Rows_sent: 0  Rows_examined: 12
SET timestamp=1666919114;
SELECT * FROM `god_kefu_cust`  WHERE (online = 1);
# Time: 2022-10-28T01:05:15.003363Z
# User@Host: root[root] @  [172.21.0.2]  Id:     6
# Query_time: 0.000210  Lock_time: 0.000044 Rows_sent: 0  Rows_examined: 5
SET timestamp=1666919115;
SELECT * FROM `god_kefu_seat`  WHERE (online = 1);
# Time: 2022-10-28T01:05:15.006199Z
# User@Host: root[root] @  [172.21.0.2]  Id:     6
# Query_time: 0.000225  Lock_time: 0.000032 Rows_sent: 0  Rows_examined: 12
SET timestamp=1666919115;
SELECT * FROM `god_kefu_cust`  WHERE (online = 1);
# Time: 2022-10-28T01:05:16.004363Z
# User@Host: root[root] @  [172.21.0.2]  Id:     6
# Query_time: 0.000157  Lock_time: 0.000038 Rows_sent: 0  Rows_examined: 5
SET timestamp=1666919116;
SELECT * FROM `god_kefu_seat`  WHERE (online = 1);
# Time: 2022-10-28T01:05:16.005557Z
# User@Host: root[root] @  [172.21.0.2]  Id:     6
# Query_time: 0.000120  Lock_time: 0.000023 Rows_sent: 0  Rows_examined: 12
SET timestamp=1666919116;
SELECT * FROM `god_kefu_cust`  WHERE (online = 1);
# Time: 2022-10-28T01:05:17.004071Z
# User@Host: root[root] @  [172.21.0.2]  Id:     6
# Query_time: 0.000181  Lock_time: 0.000036 Rows_sent: 0  Rows_examined: 5
SET timestamp=1666919117;
SELECT * FROM `god_kefu_seat`  WHERE (online = 1);
# Time: 2022-10-28T01:05:17.005468Z
# User@Host: root[root] @  [172.21.0.2]  Id:     6
# Query_time: 0.000139  Lock_time: 0.000025 Rows_sent: 0  Rows_examined: 12
SET timestamp=1666919117;
SELECT * FROM `god_kefu_cust`  WHERE (online = 1);
# Time: 2022-10-28T01:05:18.003431Z
# User@Host: root[root] @  [172.21.0.2]  Id:     6
# Query_time: 0.000246  Lock_time: 0.000050 Rows_sent: 0  Rows_examined: 5
SET timestamp=1666919118;
SELECT * FROM `god_kefu_seat`  WHERE (online = 1);
# Time: 2022-10-28T01:05:18.004894Z
# User@Host: root[root] @  [172.21.0.2]  Id:     6
# Query_time: 0.000169  Lock_time: 0.000028 Rows_sent: 0  Rows_examined: 12
SET timestamp=1666919118;
SELECT * FROM `god_kefu_cust`  WHERE (online = 1);
# Time: 2022-10-28T01:05:19.004892Z
# User@Host: root[root] @  [172.21.0.2]  Id:     6
# Query_time: 0.000248  Lock_time: 0.000052 Rows_sent: 0  Rows_examined: 5
SET timestamp=1666919119;
SELECT * FROM `god_kefu_seat`  WHERE (online = 1);
# Time: 2022-10-28T01:05:19.006633Z
# User@Host: root[root] @  [172.21.0.2]  Id:     6
# Query_time: 0.000170  Lock_time: 0.000033 Rows_sent: 0  Rows_examined: 12
SET timestamp=1666919119;
SELECT * FROM `god_kefu_cust`  WHERE (online = 1);
# Time: 2022-10-28T01:05:20.003387Z
# User@Host: root[root] @  [172.21.0.2]  Id:     6
# Query_time: 0.000545  Lock_time: 0.000041 Rows_sent: 0  Rows_examined: 5
SET timestamp=1666919120;
SELECT * FROM `god_kefu_seat`  WHERE (online = 1);
# Time: 2022-10-28T01:05:20.005647Z
# User@Host: root[root] @  [172.21.0.2]  Id:     6
# Query_time: 0.000334  Lock_time: 0.000043 Rows_sent: 0  Rows_examined: 12
SET timestamp=1666919120;
SELECT * FROM `god_kefu_cust`  WHERE (online = 1);
# Time: 2022-10-28T01:05:21.004493Z
# User@Host: root[root] @  [172.21.0.2]  Id:     6
# Query_time: 0.000200  Lock_time: 0.000043 Rows_sent: 0  Rows_examined: 5
SET timestamp=1666919121;
SELECT * FROM `god_kefu_seat`  WHERE (online = 1);
# Time: 2022-10-28T01:05:21.005818Z
# User@Host: root[root] @  [172.21.0.2]  Id:     6
# Query_time: 0.000112  Lock_time: 0.000019 Rows_sent: 0  Rows_examined: 12
SET timestamp=1666919121;
SELECT * FROM `god_kefu_cust`  WHERE (online = 1);
# Time: 2022-10-28T01:05:22.003841Z
# User@Host: root[root] @  [172.21.0.2]  Id:     6
# Query_time: 0.000411  Lock_time: 0.000038 Rows_sent: 0  Rows_examined: 5
SET timestamp=1666919122;
SELECT * FROM `god_kefu_seat`  WHERE (online = 1);
# Time: 2022-10-28T01:05:22.005241Z
# User@Host: root[root] @  [172.21.0.2]  Id:     6
# Query_time: 0.000272  Lock_time: 0.000022 Rows_sent: 0  Rows_examined: 12
SET timestamp=1666919122;
SELECT * FROM `god_kefu_cust`  WHERE (online = 1);
# Time: 2022-10-28T01:05:23.004619Z
# User@Host: root[root] @  [172.21.0.2]  Id:     6
# Query_time: 0.000240  Lock_time: 0.000051 Rows_sent: 0  Rows_examined: 5
SET timestamp=1666919123;
SELECT * FROM `god_kefu_seat`  WHERE (online = 1);
# Time: 2022-10-28T01:05:23.006189Z
# User@Host: root[root] @  [172.21.0.2]  Id:     6
# Query_time: 0.000202  Lock_time: 0.000029 Rows_sent: 0  Rows_examined: 12
SET timestamp=1666919123;
SELECT * FROM `god_kefu_cust`  WHERE (online = 1);
# Time: 2022-10-28T01:05:24.003297Z
# User@Host: root[root] @  [172.21.0.2]  Id:     6
# Query_time: 0.000205  Lock_time: 0.000042 Rows_sent: 0  Rows_examined: 5
SET timestamp=1666919124;
SELECT * FROM `god_kefu_seat`  WHERE (online = 1);
# Time: 2022-10-28T01:05:24.005378Z
# User@Host: root[root] @  [172.21.0.2]  Id:     6
# Query_time: 0.000153  Lock_time: 0.000028 Rows_sent: 0  Rows_examined: 12
SET timestamp=1666919124;
SELECT * FROM `god_kefu_cust`  WHERE (online = 1);
# Time: 2022-10-28T01:05:25.003995Z
# User@Host: root[root] @  [172.21.0.2]  Id:     6
# Query_time: 0.000212  Lock_time: 0.000055 Rows_sent: 0  Rows_examined: 5
SET timestamp=1666919125;
SELECT * FROM `god_kefu_seat`  WHERE (online = 1);
# Time: 2022-10-28T01:05:25.006100Z
# User@Host: root[root] @  [172.21.0.2]  Id:     6
# Query_time: 0.000316  Lock_time: 0.000063 Rows_sent: 0  Rows_examined: 12
SET timestamp=1666919125;
SELECT * FROM `god_kefu_cust`  WHERE (online = 1);
# Time: 2022-10-28T01:05:26.003952Z
# User@Host: root[root] @  [172.21.0.2]  Id:     6
# Query_time: 0.000255  Lock_time: 0.000045 Rows_sent: 0  Rows_examined: 5
SET timestamp=1666919126;
SELECT * FROM `god_kefu_seat`  WHERE (online = 1);
# Time: 2022-10-28T01:05:26.008255Z
# User@Host: root[root] @  [172.21.0.2]  Id:     6
# Query_time: 0.000132  Lock_time: 0.000038 Rows_sent: 0  Rows_examined: 12
SET timestamp=1666919126;
SELECT * FROM `god_kefu_cust`  WHERE (online = 1);
# Time: 2022-10-28T01:05:27.003751Z
# User@Host: root[root] @  [172.21.0.2]  Id:     6
# Query_time: 0.000161  Lock_time: 0.000038 Rows_sent: 0  Rows_examined: 5
SET timestamp=1666919127;
SELECT * FROM `god_kefu_seat`  WHERE (online = 1);
# Time: 2022-10-28T01:05:27.005271Z
# User@Host: root[root] @  [172.21.0.2]  Id:     6
# Query_time: 0.000129  Lock_time: 0.000026 Rows_sent: 0  Rows_examined: 12
SET timestamp=1666919127;
SELECT * FROM `god_kefu_cust`  WHERE (online = 1);
# Time: 2022-10-28T01:05:28.005039Z
# User@Host: root[root] @  [172.21.0.2]  Id:     6
# Query_time: 0.000200  Lock_time: 0.000043 Rows_sent: 0  Rows_examined: 5
SET timestamp=1666919128;
SELECT * FROM `god_kefu_seat`  WHERE (online = 1);
# Time: 2022-10-28T01:05:28.006678Z
# User@Host: root[root] @  [172.21.0.2]  Id:     6
# Query_time: 0.000164  Lock_time: 0.000030 Rows_sent: 0  Rows_examined: 12
SET timestamp=1666919128;
SELECT * FROM `god_kefu_cust`  WHERE (online = 1);
# Time: 2022-10-28T01:05:29.004109Z
# User@Host: root[root] @  [172.21.0.2]  Id:     6
# Query_time: 0.000251  Lock_time: 0.000049 Rows_sent: 0  Rows_examined: 5
SET timestamp=1666919129;
SELECT * FROM `god_kefu_seat`  WHERE (online = 1);
# Time: 2022-10-28T01:05:29.005633Z
# User@Host: root[root] @  [172.21.0.2]  Id:     6
# Query_time: 0.000175  Lock_time: 0.000034 Rows_sent: 0  Rows_examined: 12
SET timestamp=1666919129;
SELECT * FROM `god_kefu_cust`  WHERE (online = 1);
# Time: 2022-10-28T01:05:30.004450Z
# User@Host: root[root] @  [172.21.0.2]  Id:     6
# Query_time: 0.000258  Lock_time: 0.000057 Rows_sent: 0  Rows_examined: 5
SET timestamp=1666919130;
SELECT * FROM `god_kefu_seat`  WHERE (online = 1);
# Time: 2022-10-28T01:05:30.006119Z
# User@Host: root[root] @  [172.21.0.2]  Id:     6
# Query_time: 0.000204  Lock_time: 0.000030 Rows_sent: 0  Rows_examined: 12
SET timestamp=1666919130;
SELECT * FROM `god_kefu_cust`  WHERE (online = 1);
# Time: 2022-10-28T01:05:31.003881Z
# User@Host: root[root] @  [172.21.0.2]  Id:     6
# Query_time: 0.000230  Lock_time: 0.000046 Rows_sent: 0  Rows_examined: 5
SET timestamp=1666919131;
SELECT * FROM `god_kefu_seat`  WHERE (online = 1);
# Time: 2022-10-28T01:05:31.005593Z
# User@Host: root[root] @  [172.21.0.2]  Id:     6
# Query_time: 0.000158  Lock_time: 0.000029 Rows_sent: 0  Rows_examined: 12
SET timestamp=1666919131;
SELECT * FROM `god_kefu_cust`  WHERE (online = 1);
# Time: 2022-10-28T01:05:32.003622Z
# User@Host: root[root] @  [172.21.0.2]  Id:     6
# Query_time: 0.000283  Lock_time: 0.000065 Rows_sent: 0  Rows_examined: 5
SET timestamp=1666919132;
SELECT * FROM `god_kefu_seat`  WHERE (online = 1);
# Time: 2022-10-28T01:05:32.005289Z
# User@Host: root[root] @  [172.21.0.2]  Id:     6
# Query_time: 0.000186  Lock_time: 0.000033 Rows_sent: 0  Rows_examined: 12
SET timestamp=1666919132;
SELECT * FROM `god_kefu_cust`  WHERE (online = 1);
# Time: 2022-10-28T01:05:33.003471Z
# User@Host: root[root] @  [172.21.0.2]  Id:     6
# Query_time: 0.000222  Lock_time: 0.000051 Rows_sent: 0  Rows_examined: 5
SET timestamp=1666919133;
SELECT * FROM `god_kefu_seat`  WHERE (online = 1);
# Time: 2022-10-28T01:05:33.005169Z
# User@Host: root[root] @  [172.21.0.2]  Id:     6
# Query_time: 0.000166  Lock_time: 0.000032 Rows_sent: 0  Rows_examined: 12
SET timestamp=1666919133;
SELECT * FROM `god_kefu_cust`  WHERE (online = 1);
# Time: 2022-10-28T01:05:34.003039Z
# User@Host: root[root] @  [172.21.0.2]  Id:     6
# Query_time: 0.000280  Lock_time: 0.000067 Rows_sent: 0  Rows_examined: 5
SET timestamp=1666919134;
SELECT * FROM `god_kefu_seat`  WHERE (online = 1);
# Time: 2022-10-28T01:05:34.004861Z
# User@Host: root[root] @  [172.21.0.2]  Id:     6
# Query_time: 0.000359  Lock_time: 0.000029 Rows_sent: 0  Rows_examined: 12
SET timestamp=1666919134;
SELECT * FROM `god_kefu_cust`  WHERE (online = 1);
# Time: 2022-10-28T01:05:35.005112Z
# User@Host: root[root] @  [172.21.0.2]  Id:     6
# Query_time: 0.000274  Lock_time: 0.000068 Rows_sent: 0  Rows_examined: 5
SET timestamp=1666919135;
SELECT * FROM `god_kefu_seat`  WHERE (online = 1);
# Time: 2022-10-28T01:05:35.006771Z
# User@Host: root[root] @  [172.21.0.2]  Id:     6
# Query_time: 0.000222  Lock_time: 0.000031 Rows_sent: 0  Rows_examined: 12
SET timestamp=1666919135;
SELECT * FROM `god_kefu_cust`  WHERE (online = 1);
# Time: 2022-10-28T01:05:36.003701Z
# User@Host: root[root] @  [172.21.0.2]  Id:     6
# Query_time: 0.000257  Lock_time: 0.000042 Rows_sent: 0  Rows_examined: 5
SET timestamp=1666919136;
SELECT * FROM `god_kefu_seat`  WHERE (online = 1);
# Time: 2022-10-28T01:05:36.005130Z
# User@Host: root[root] @  [172.21.0.2]  Id:     6
# Query_time: 0.000178  Lock_time: 0.000036 Rows_sent: 0  Rows_examined: 12
SET timestamp=1666919136;
SELECT * FROM `god_kefu_cust`  WHERE (online = 1);
# Time: 2022-10-28T01:05:37.004123Z
# User@Host: root[root] @  [172.21.0.2]  Id:     6
# Query_time: 0.000156  Lock_time: 0.000029 Rows_sent: 0  Rows_examined: 5
SET timestamp=1666919137;
SELECT * FROM `god_kefu_seat`  WHERE (online = 1);
# Time: 2022-10-28T01:05:37.005128Z
# User@Host: root[root] @  [172.21.0.2]  Id:     6
# Query_time: 0.000091  Lock_time: 0.000020 Rows_sent: 0  Rows_examined: 12
SET timestamp=1666919137;
SELECT * FROM `god_kefu_cust`  WHERE (online = 1);
# Time: 2022-10-28T01:05:38.004448Z
# User@Host: root[root] @  [172.21.0.2]  Id:     6
# Query_time: 0.000223  Lock_time: 0.000051 Rows_sent: 0  Rows_examined: 5
SET timestamp=1666919138;
SELECT * FROM `god_kefu_seat`  WHERE (online = 1);
# Time: 2022-10-28T01:05:38.005947Z
# User@Host: root[root] @  [172.21.0.2]  Id:     6
# Query_time: 0.000155  Lock_time: 0.000026 Rows_sent: 0  Rows_examined: 12
SET timestamp=1666919138;
SELECT * FROM `god_kefu_cust`  WHERE (online = 1);
# Time: 2022-10-28T01:05:39.003097Z
# User@Host: root[root] @  [172.21.0.2]  Id:     6
# Query_time: 0.000212  Lock_time: 0.000042 Rows_sent: 0  Rows_examined: 5
SET timestamp=1666919139;
SELECT * FROM `god_kefu_seat`  WHERE (online = 1);
# Time: 2022-10-28T01:05:39.004430Z
# User@Host: root[root] @  [172.21.0.2]  Id:     6
# Query_time: 0.000164  Lock_time: 0.000036 Rows_sent: 0  Rows_examined: 12
SET timestamp=1666919139;
SELECT * FROM `god_kefu_cust`  WHERE (online = 1);
# Time: 2022-10-28T01:05:40.003985Z
# User@Host: root[root] @  [172.21.0.2]  Id:     6
# Query_time: 0.000184  Lock_time: 0.000040 Rows_sent: 0  Rows_examined: 5
SET timestamp=1666919140;
SELECT * FROM `god_kefu_seat`  WHERE (online = 1);
# Time: 2022-10-28T01:05:40.005275Z
# User@Host: root[root] @  [172.21.0.2]  Id:     6
# Query_time: 0.000147  Lock_time: 0.000024 Rows_sent: 0  Rows_examined: 12
SET timestamp=1666919140;
SELECT * FROM `god_kefu_cust`  WHERE (online = 1);
# Time: 2022-10-28T01:05:41.003025Z
# User@Host: root[root] @  [172.21.0.2]  Id:     6
# Query_time: 0.000197  Lock_time: 0.000038 Rows_sent: 0  Rows_examined: 5
SET timestamp=1666919141;
SELECT * FROM `god_kefu_seat`  WHERE (online = 1);
# Time: 2022-10-28T01:05:41.004802Z
# User@Host: root[root] @  [172.21.0.2]  Id:     6
# Query_time: 0.000108  Lock_time: 0.000024 Rows_sent: 0  Rows_examined: 12
SET timestamp=1666919141;
SELECT * FROM `god_kefu_cust`  WHERE (online = 1);
# Time: 2022-10-28T01:05:42.003015Z
# User@Host: root[root] @  [172.21.0.2]  Id:     6
# Query_time: 0.000134  Lock_time: 0.000033 Rows_sent: 0  Rows_examined: 5
SET timestamp=1666919142;
SELECT * FROM `god_kefu_seat`  WHERE (online = 1);
# Time: 2022-10-28T01:05:42.004040Z
# User@Host: root[root] @  [172.21.0.2]  Id:     6
# Query_time: 0.000124  Lock_time: 0.000020 Rows_sent: 0  Rows_examined: 12
SET timestamp=1666919142;
SELECT * FROM `god_kefu_cust`  WHERE (online = 1);
# Time: 2022-10-28T01:05:43.002891Z
# User@Host: root[root] @  [172.21.0.2]  Id:     6
# Query_time: 0.000204  Lock_time: 0.000038 Rows_sent: 0  Rows_examined: 5
SET timestamp=1666919143;
SELECT * FROM `god_kefu_seat`  WHERE (online = 1);
# Time: 2022-10-28T01:05:43.004203Z
# User@Host: root[root] @  [172.21.0.2]  Id:     6
# Query_time: 0.000201  Lock_time: 0.000028 Rows_sent: 0  Rows_examined: 12
SET timestamp=1666919143;
SELECT * FROM `god_kefu_cust`  WHERE (online = 1);
# Time: 2022-10-28T01:05:44.003584Z
# User@Host: root[root] @  [172.21.0.2]  Id:     6
# Query_time: 0.000246  Lock_time: 0.000052 Rows_sent: 0  Rows_examined: 5
SET timestamp=1666919144;
SELECT * FROM `god_kefu_seat`  WHERE (online = 1);
# Time: 2022-10-28T01:05:44.005050Z
# User@Host: root[root] @  [172.21.0.2]  Id:     6
# Query_time: 0.000156  Lock_time: 0.000028 Rows_sent: 0  Rows_examined: 12
SET timestamp=1666919144;
SELECT * FROM `god_kefu_cust`  WHERE (online = 1);
# Time: 2022-10-28T01:05:45.002858Z
# User@Host: root[root] @  [172.21.0.2]  Id:     6
# Query_time: 0.000451  Lock_time: 0.000034 Rows_sent: 0  Rows_examined: 5
SET timestamp=1666919145;
SELECT * FROM `god_kefu_seat`  WHERE (online = 1);
# Time: 2022-10-28T01:05:45.004083Z
# User@Host: root[root] @  [172.21.0.2]  Id:     6
# Query_time: 0.000233  Lock_time: 0.000022 Rows_sent: 0  Rows_examined: 12
SET timestamp=1666919145;
SELECT * FROM `god_kefu_cust`  WHERE (online = 1);
# Time: 2022-10-28T01:05:46.003472Z
# User@Host: root[root] @  [172.21.0.2]  Id:     6
# Query_time: 0.000188  Lock_time: 0.000039 Rows_sent: 0  Rows_examined: 5
SET timestamp=1666919146;
SELECT * FROM `god_kefu_seat`  WHERE (online = 1);
# Time: 2022-10-28T01:05:46.004959Z
# User@Host: root[root] @  [172.21.0.2]  Id:     6
# Query_time: 0.000214  Lock_time: 0.000082 Rows_sent: 0  Rows_examined: 12
SET timestamp=1666919146;
SELECT * FROM `god_kefu_cust`  WHERE (online = 1);
# Time: 2022-10-28T01:05:47.002512Z
# User@Host: root[root] @  [172.21.0.2]  Id:     6
# Query_time: 0.000196  Lock_time: 0.000038 Rows_sent: 0  Rows_examined: 5
SET timestamp=1666919147;
SELECT * FROM `god_kefu_seat`  WHERE (online = 1);
# Time: 2022-10-28T01:05:47.004189Z
# User@Host: root[root] @  [172.21.0.2]  Id:     6
# Query_time: 0.000222  Lock_time: 0.000050 Rows_sent: 0  Rows_examined: 12
SET timestamp=1666919147;
SELECT * FROM `god_kefu_cust`  WHERE (online = 1);
# Time: 2022-10-28T01:05:48.003776Z
# User@Host: root[root] @  [172.21.0.2]  Id:     6
# Query_time: 0.000227  Lock_time: 0.000034 Rows_sent: 0  Rows_examined: 5
SET timestamp=1666919148;
SELECT * FROM `god_kefu_seat`  WHERE (online = 1);
# Time: 2022-10-28T01:05:48.005445Z
# User@Host: root[root] @  [172.21.0.2]  Id:     6
# Query_time: 0.000140  Lock_time: 0.000024 Rows_sent: 0  Rows_examined: 12
SET timestamp=1666919148;
SELECT * FROM `god_kefu_cust`  WHERE (online = 1);
# Time: 2022-10-28T01:05:49.004141Z
# User@Host: root[root] @  [172.21.0.2]  Id:     6
# Query_time: 0.000176  Lock_time: 0.000042 Rows_sent: 0  Rows_examined: 5
SET timestamp=1666919149;
SELECT * FROM `god_kefu_seat`  WHERE (online = 1);
# Time: 2022-10-28T01:05:49.005297Z
# User@Host: root[root] @  [172.21.0.2]  Id:     6
# Query_time: 0.000111  Lock_time: 0.000025 Rows_sent: 0  Rows_examined: 12
SET timestamp=1666919149;
SELECT * FROM `god_kefu_cust`  WHERE (online = 1);
# Time: 2022-10-28T01:05:50.004188Z
# User@Host: root[root] @  [172.21.0.2]  Id:     6
# Query_time: 0.000252  Lock_time: 0.000052 Rows_sent: 0  Rows_examined: 5
SET timestamp=1666919150;
SELECT * FROM `god_kefu_seat`  WHERE (online = 1);
# Time: 2022-10-28T01:05:50.005726Z
# User@Host: root[root] @  [172.21.0.2]  Id:     6
# Query_time: 0.000214  Lock_time: 0.000041 Rows_sent: 0  Rows_examined: 12
SET timestamp=1666919150;
SELECT * FROM `god_kefu_cust`  WHERE (online = 1);
# Time: 2022-10-28T01:05:51.005055Z
# User@Host: root[root] @  [172.21.0.2]  Id:     6
# Query_time: 0.000278  Lock_time: 0.000068 Rows_sent: 0  Rows_examined: 5
SET timestamp=1666919151;
SELECT * FROM `god_kefu_seat`  WHERE (online = 1);
# Time: 2022-10-28T01:05:51.006587Z
# User@Host: root[root] @  [172.21.0.2]  Id:     6
# Query_time: 0.000189  Lock_time: 0.000046 Rows_sent: 0  Rows_examined: 12
SET timestamp=1666919151;
SELECT * FROM `god_kefu_cust`  WHERE (online = 1);
# Time: 2022-10-28T01:05:52.005062Z
# User@Host: root[root] @  [172.21.0.2]  Id:     6
# Query_time: 0.000242  Lock_time: 0.000048 Rows_sent: 0  Rows_examined: 5
SET timestamp=1666919152;
SELECT * FROM `god_kefu_seat`  WHERE (online = 1);
# Time: 2022-10-28T01:05:52.006584Z
# User@Host: root[root] @  [172.21.0.2]  Id:     6
# Query_time: 0.000164  Lock_time: 0.000039 Rows_sent: 0  Rows_examined: 12
SET timestamp=1666919152;
SELECT * FROM `god_kefu_cust`  WHERE (online = 1);
# Time: 2022-10-28T01:05:53.005056Z
# User@Host: root[root] @  [172.21.0.2]  Id:     6
# Query_time: 0.000271  Lock_time: 0.000062 Rows_sent: 0  Rows_examined: 5
SET timestamp=1666919153;
SELECT * FROM `god_kefu_seat`  WHERE (online = 1);
# Time: 2022-10-28T01:05:53.006454Z
# User@Host: root[root] @  [172.21.0.2]  Id:     6
# Query_time: 0.000155  Lock_time: 0.000025 Rows_sent: 0  Rows_examined: 12
SET timestamp=1666919153;
SELECT * FROM `god_kefu_cust`  WHERE (online = 1);
# Time: 2022-10-28T01:05:54.005052Z
# User@Host: root[root] @  [172.21.0.2]  Id:     6
# Query_time: 0.000478  Lock_time: 0.000039 Rows_sent: 0  Rows_examined: 5
SET timestamp=1666919154;
SELECT * FROM `god_kefu_seat`  WHERE (online = 1);
# Time: 2022-10-28T01:05:54.006474Z
# User@Host: root[root] @  [172.21.0.2]  Id:     6
# Query_time: 0.000172  Lock_time: 0.000021 Rows_sent: 0  Rows_examined: 12
SET timestamp=1666919154;
SELECT * FROM `god_kefu_cust`  WHERE (online = 1);
# Time: 2022-10-28T01:05:55.005434Z
# User@Host: root[root] @  [172.21.0.2]  Id:     6
# Query_time: 0.000244  Lock_time: 0.000050 Rows_sent: 0  Rows_examined: 5
SET timestamp=1666919155;
SELECT * FROM `god_kefu_seat`  WHERE (online = 1);
# Time: 2022-10-28T01:05:55.006949Z
# User@Host: root[root] @  [172.21.0.2]  Id:     6
# Query_time: 0.000164  Lock_time: 0.000028 Rows_sent: 0  Rows_examined: 12
SET timestamp=1666919155;
SELECT * FROM `god_kefu_cust`  WHERE (online = 1);
# Time: 2022-10-28T01:05:56.005140Z
# User@Host: root[root] @  [172.21.0.2]  Id:     6
# Query_time: 0.000447  Lock_time: 0.000055 Rows_sent: 0  Rows_examined: 5
SET timestamp=1666919156;
SELECT * FROM `god_kefu_seat`  WHERE (online = 1);
# Time: 2022-10-28T01:05:56.006476Z
# User@Host: root[root] @  [172.21.0.2]  Id:     6
# Query_time: 0.000165  Lock_time: 0.000021 Rows_sent: 0  Rows_examined: 12
SET timestamp=1666919156;
SELECT * FROM `god_kefu_cust`  WHERE (online = 1);
# Time: 2022-10-28T01:05:57.003863Z
# User@Host: root[root] @  [172.21.0.2]  Id:     6
# Query_time: 0.000311  Lock_time: 0.000049 Rows_sent: 0  Rows_examined: 5
SET timestamp=1666919157;
SELECT * FROM `god_kefu_seat`  WHERE (online = 1);
# Time: 2022-10-28T01:05:57.004973Z
# User@Host: root[root] @  [172.21.0.2]  Id:     6
# Query_time: 0.000105  Lock_time: 0.000023 Rows_sent: 0  Rows_examined: 12
SET timestamp=1666919157;
SELECT * FROM `god_kefu_cust`  WHERE (online = 1);
# Time: 2022-10-28T01:05:58.002807Z
# User@Host: root[root] @  [172.21.0.2]  Id:     6
# Query_time: 0.000170  Lock_time: 0.000034 Rows_sent: 0  Rows_examined: 5
SET timestamp=1666919158;
SELECT * FROM `god_kefu_seat`  WHERE (online = 1);
# Time: 2022-10-28T01:05:58.004622Z
# User@Host: root[root] @  [172.21.0.2]  Id:     6
# Query_time: 0.000140  Lock_time: 0.000019 Rows_sent: 0  Rows_examined: 12
SET timestamp=1666919158;
SELECT * FROM `god_kefu_cust`  WHERE (online = 1);
# Time: 2022-10-28T01:05:59.004900Z
# User@Host: root[root] @  [172.21.0.2]  Id:     6
# Query_time: 0.000590  Lock_time: 0.000050 Rows_sent: 0  Rows_examined: 5
SET timestamp=1666919159;
SELECT * FROM `god_kefu_seat`  WHERE (online = 1);
# Time: 2022-10-28T01:05:59.006061Z
# User@Host: root[root] @  [172.21.0.2]  Id:     6
# Query_time: 0.000219  Lock_time: 0.000023 Rows_sent: 0  Rows_examined: 12
SET timestamp=1666919159;
SELECT * FROM `god_kefu_cust`  WHERE (online = 1);
# Time: 2022-10-28T01:07:48.642238Z
# User@Host: root[root] @  [172.18.0.1]  Id:     3
# Query_time: 0.004254  Lock_time: 0.000947 Rows_sent: 0  Rows_examined: 0
use laravel_mall;
SET timestamp=1666919268;
SELECT ACTION_ORDER, EVENT_OBJECT_TABLE, TRIGGER_NAME, EVENT_MANIPULATION, EVENT_OBJECT_TABLE, DEFINER, ACTION_STATEMENT, ACTION_TIMING FROM information_schema.triggers WHERE BINARY event_object_schema = 'laravel_mall' AND BINARY event_object_table = 'users' ORDER BY event_object_table;
# Time: 2022-10-28T01:07:48.646945Z
# User@Host: root[root] @  [172.18.0.1]  Id:     3
# Query_time: 0.002670  Lock_time: 0.000927 Rows_sent: 0  Rows_examined: 1
SET timestamp=1666919268;
SELECT TABLE_NAME, PARTITION_NAME, SUBPARTITION_NAME, PARTITION_METHOD, SUBPARTITION_METHOD, PARTITION_EXPRESSION, SUBPARTITION_EXPRESSION, PARTITION_DESCRIPTION, PARTITION_COMMENT, NODEGROUP, TABLESPACE_NAME FROM information_schema.PARTITIONS WHERE NOT ISNULL(PARTITION_NAME) AND TABLE_SCHEMA LIKE 'laravel_mall' AND TABLE_NAME LIKE 'users' ORDER BY TABLE_NAME, PARTITION_NAME, PARTITION_ORDINAL_POSITION, SUBPARTITION_ORDINAL_POSITION;
# Time: 2022-10-28T01:07:48.876189Z
# User@Host: root[root] @  [172.18.0.1]  Id:     3
# Query_time: 0.003253  Lock_time: 0.001116 Rows_sent: 0  Rows_examined: 0
SET timestamp=1666919268;
SELECT ACTION_ORDER, EVENT_OBJECT_TABLE, TRIGGER_NAME, EVENT_MANIPULATION, EVENT_OBJECT_TABLE, DEFINER, ACTION_STATEMENT, ACTION_TIMING FROM information_schema.triggers WHERE BINARY event_object_schema = 'laravel_mall' AND BINARY event_object_table = 'users' ORDER BY event_object_table;
# Time: 2022-10-28T01:07:48.987960Z
# User@Host: root[root] @  [172.18.0.1]  Id:     3
# Query_time: 0.000554  Lock_time: 0.000111 Rows_sent: 44  Rows_examined: 88
SET timestamp=1666919268;
SELECT DISTINCT(TABLESPACE_NAME) AS TABLESPACE_NAME FROM information_schema.FILES WHERE NOT ISNULL(TABLESPACE_NAME) LIMIT 10000;
# Time: 2022-10-28T01:07:49.172932Z
# User@Host: root[root] @  [172.18.0.1]  Id:     3
# Query_time: 0.005884  Lock_time: 0.001414 Rows_sent: 0  Rows_examined: 0
SET timestamp=1666919269;
SELECT ACTION_ORDER, EVENT_OBJECT_TABLE, TRIGGER_NAME, EVENT_MANIPULATION, EVENT_OBJECT_TABLE, DEFINER, ACTION_STATEMENT, ACTION_TIMING FROM information_schema.triggers WHERE BINARY event_object_schema = 'laravel_mall' AND BINARY event_object_table = 'users' ORDER BY event_object_table;
# Time: 2022-10-28T01:08:23.917671Z
# User@Host: root[root] @  [172.18.0.1]  Id:     3
# Query_time: 0.006649  Lock_time: 0.001301 Rows_sent: 0  Rows_examined: 0
SET timestamp=1666919303;
SELECT ACTION_ORDER, EVENT_OBJECT_TABLE, TRIGGER_NAME, EVENT_MANIPULATION, EVENT_OBJECT_TABLE, DEFINER, ACTION_STATEMENT, ACTION_TIMING FROM information_schema.triggers WHERE BINARY event_object_schema = 'laravel_mall' AND BINARY event_object_table = 'users' ORDER BY event_object_table;
# Time: 2022-10-28T01:08:23.922542Z
# User@Host: root[root] @  [172.18.0.1]  Id:     3
# Query_time: 0.002729  Lock_time: 0.000901 Rows_sent: 0  Rows_examined: 1
SET timestamp=1666919303;
SELECT TABLE_NAME, PARTITION_NAME, SUBPARTITION_NAME, PARTITION_METHOD, SUBPARTITION_METHOD, PARTITION_EXPRESSION, SUBPARTITION_EXPRESSION, PARTITION_DESCRIPTION, PARTITION_COMMENT, NODEGROUP, TABLESPACE_NAME FROM information_schema.PARTITIONS WHERE NOT ISNULL(PARTITION_NAME) AND TABLE_SCHEMA LIKE 'laravel_mall' AND TABLE_NAME LIKE 'users' ORDER BY TABLE_NAME, PARTITION_NAME, PARTITION_ORDINAL_POSITION, SUBPARTITION_ORDINAL_POSITION;
# Time: 2022-10-28T01:08:23.959606Z
# User@Host: root[root] @  [172.18.0.1]  Id:     3
# Query_time: 0.003794  Lock_time: 0.001023 Rows_sent: 0  Rows_examined: 0
SET timestamp=1666919303;
SELECT ACTION_ORDER, EVENT_OBJECT_TABLE, TRIGGER_NAME, EVENT_MANIPULATION, EVENT_OBJECT_TABLE, DEFINER, ACTION_STATEMENT, ACTION_TIMING FROM information_schema.triggers WHERE BINARY event_object_schema = 'laravel_mall' AND BINARY event_object_table = 'users' ORDER BY event_object_table;
# Time: 2022-10-28T01:08:24.030682Z
# User@Host: root[root] @  [172.18.0.1]  Id:     3
# Query_time: 0.004149  Lock_time: 0.001148 Rows_sent: 0  Rows_examined: 0
SET timestamp=1666919304;
SELECT ACTION_ORDER, EVENT_OBJECT_TABLE, TRIGGER_NAME, EVENT_MANIPULATION, EVENT_OBJECT_TABLE, DEFINER, ACTION_STATEMENT, ACTION_TIMING FROM information_schema.triggers WHERE BINARY event_object_schema = 'laravel_mall' AND BINARY event_object_table = 'users' ORDER BY event_object_table;
# Time: 2022-10-28T01:08:33.955910Z
# User@Host: root[root] @  [172.18.0.1]  Id:     3
# Query_time: 0.006320  Lock_time: 0.000950 Rows_sent: 0  Rows_examined: 0
SET timestamp=1666919313;
SELECT ACTION_ORDER, EVENT_OBJECT_TABLE, TRIGGER_NAME, EVENT_MANIPULATION, EVENT_OBJECT_TABLE, DEFINER, ACTION_STATEMENT, ACTION_TIMING FROM information_schema.triggers WHERE BINARY event_object_schema = 'laravel_mall' AND BINARY event_object_table = 'users' ORDER BY event_object_table;
# Time: 2022-10-28T01:08:33.960319Z
# User@Host: root[root] @  [172.18.0.1]  Id:     3
# Query_time: 0.002393  Lock_time: 0.000863 Rows_sent: 0  Rows_examined: 1
SET timestamp=1666919313;
SELECT TABLE_NAME, PARTITION_NAME, SUBPARTITION_NAME, PARTITION_METHOD, SUBPARTITION_METHOD, PARTITION_EXPRESSION, SUBPARTITION_EXPRESSION, PARTITION_DESCRIPTION, PARTITION_COMMENT, NODEGROUP, TABLESPACE_NAME FROM information_schema.PARTITIONS WHERE NOT ISNULL(PARTITION_NAME) AND TABLE_SCHEMA LIKE 'laravel_mall' AND TABLE_NAME LIKE 'users' ORDER BY TABLE_NAME, PARTITION_NAME, PARTITION_ORDINAL_POSITION, SUBPARTITION_ORDINAL_POSITION;
# Time: 2022-10-28T01:08:33.996438Z
# User@Host: root[root] @  [172.18.0.1]  Id:     3
# Query_time: 0.003386  Lock_time: 0.000916 Rows_sent: 0  Rows_examined: 0
SET timestamp=1666919313;
SELECT ACTION_ORDER, EVENT_OBJECT_TABLE, TRIGGER_NAME, EVENT_MANIPULATION, EVENT_OBJECT_TABLE, DEFINER, ACTION_STATEMENT, ACTION_TIMING FROM information_schema.triggers WHERE BINARY event_object_schema = 'laravel_mall' AND BINARY event_object_table = 'users' ORDER BY event_object_table;
# Time: 2022-10-28T01:08:34.072075Z
# User@Host: root[root] @  [172.18.0.1]  Id:     3
# Query_time: 0.004003  Lock_time: 0.001171 Rows_sent: 0  Rows_examined: 0
SET timestamp=1666919314;
SELECT ACTION_ORDER, EVENT_OBJECT_TABLE, TRIGGER_NAME, EVENT_MANIPULATION, EVENT_OBJECT_TABLE, DEFINER, ACTION_STATEMENT, ACTION_TIMING FROM information_schema.triggers WHERE BINARY event_object_schema = 'laravel_mall' AND BINARY event_object_table = 'users' ORDER BY event_object_table;
# Time: 2022-10-28T01:08:37.052020Z
# User@Host: root[root] @  [172.18.0.1]  Id:     3
# Query_time: 0.004654  Lock_time: 0.001025 Rows_sent: 0  Rows_examined: 0
SET timestamp=1666919317;
SELECT ACTION_ORDER, EVENT_OBJECT_TABLE, TRIGGER_NAME, EVENT_MANIPULATION, EVENT_OBJECT_TABLE, DEFINER, ACTION_STATEMENT, ACTION_TIMING FROM information_schema.triggers WHERE BINARY event_object_schema = 'laravel_mall' AND BINARY event_object_table = 'users' ORDER BY event_object_table;
# Time: 2022-10-28T01:08:37.663084Z
# User@Host: root[root] @  [172.18.0.1]  Id:     3
# Query_time: 0.004366  Lock_time: 0.000963 Rows_sent: 0  Rows_examined: 0
SET timestamp=1666919317;
SELECT ACTION_ORDER, EVENT_OBJECT_TABLE, TRIGGER_NAME, EVENT_MANIPULATION, EVENT_OBJECT_TABLE, DEFINER, ACTION_STATEMENT, ACTION_TIMING FROM information_schema.triggers WHERE BINARY event_object_schema = 'laravel_mall' AND BINARY event_object_table = 'users' ORDER BY event_object_table;
# Time: 2022-10-28T01:08:39.187713Z
# User@Host: root[root] @  [172.18.0.1]  Id:     3
# Query_time: 0.005200  Lock_time: 0.001451 Rows_sent: 0  Rows_examined: 0
SET timestamp=1666919319;
SELECT ACTION_ORDER, EVENT_OBJECT_TABLE, TRIGGER_NAME, EVENT_MANIPULATION, EVENT_OBJECT_TABLE, DEFINER, ACTION_STATEMENT, ACTION_TIMING FROM information_schema.triggers WHERE BINARY event_object_schema = 'laravel_mall' AND BINARY event_object_table = 'users' ORDER BY event_object_table;
# Time: 2022-10-28T01:08:39.190680Z
# User@Host: root[root] @  [172.18.0.1]  Id:     7
# Query_time: 0.001313  Lock_time: 0.001176 Rows_sent: 1  Rows_examined: 1
SET timestamp=1666919319;
SELECT * FROM `laravel_mall`.`users` LIMIT 0,1000;
# Time: 2022-10-28T01:08:39.278397Z
# User@Host: root[root] @  [172.18.0.1]  Id:     3
# Query_time: 0.003387  Lock_time: 0.001115 Rows_sent: 0  Rows_examined: 0
SET timestamp=1666919319;
SELECT ACTION_ORDER, EVENT_OBJECT_TABLE, TRIGGER_NAME, EVENT_MANIPULATION, EVENT_OBJECT_TABLE, DEFINER, ACTION_STATEMENT, ACTION_TIMING FROM information_schema.triggers WHERE BINARY event_object_schema = 'laravel_mall' AND BINARY event_object_table = 'users' ORDER BY event_object_table;
# Time: 2022-10-28T01:08:43.280773Z
# User@Host: root[root] @  [172.18.0.1]  Id:     3
# Query_time: 0.004597  Lock_time: 0.001206 Rows_sent: 0  Rows_examined: 0
SET timestamp=1666919323;
SELECT ACTION_ORDER, EVENT_OBJECT_TABLE, TRIGGER_NAME, EVENT_MANIPULATION, EVENT_OBJECT_TABLE, DEFINER, ACTION_STATEMENT, ACTION_TIMING FROM information_schema.triggers WHERE BINARY event_object_schema = 'laravel_mall' AND BINARY event_object_table = 'users' ORDER BY event_object_table;
# Time: 2022-10-28T01:08:45.730287Z
# User@Host: root[root] @  [172.18.0.1]  Id:     3
# Query_time: 0.005016  Lock_time: 0.001076 Rows_sent: 0  Rows_examined: 0
SET timestamp=1666919325;
SELECT ACTION_ORDER, EVENT_OBJECT_TABLE, TRIGGER_NAME, EVENT_MANIPULATION, EVENT_OBJECT_TABLE, DEFINER, ACTION_STATEMENT, ACTION_TIMING FROM information_schema.triggers WHERE BINARY event_object_schema = 'laravel_mall' AND BINARY event_object_table = 'users' ORDER BY event_object_table;
# Time: 2022-10-28T01:12:34.097670Z
# User@Host: root[root] @  [172.18.0.1]  Id:    10
# Query_time: 0.006131  Lock_time: 0.001075 Rows_sent: 0  Rows_examined: 0
SET timestamp=1666919554;
SELECT ACTION_ORDER, EVENT_OBJECT_TABLE, TRIGGER_NAME, EVENT_MANIPULATION, EVENT_OBJECT_TABLE, DEFINER, ACTION_STATEMENT, ACTION_TIMING FROM information_schema.triggers WHERE BINARY event_object_schema = 'laravel_mall' AND BINARY event_object_table = 'users' ORDER BY event_object_table;
# Time: 2022-10-28T01:12:34.102599Z
# User@Host: root[root] @  [172.18.0.1]  Id:    10
# Query_time: 0.002714  Lock_time: 0.000935 Rows_sent: 0  Rows_examined: 1
SET timestamp=1666919554;
SELECT TABLE_NAME, PARTITION_NAME, SUBPARTITION_NAME, PARTITION_METHOD, SUBPARTITION_METHOD, PARTITION_EXPRESSION, SUBPARTITION_EXPRESSION, PARTITION_DESCRIPTION, PARTITION_COMMENT, NODEGROUP, TABLESPACE_NAME FROM information_schema.PARTITIONS WHERE NOT ISNULL(PARTITION_NAME) AND TABLE_SCHEMA LIKE 'laravel_mall' AND TABLE_NAME LIKE 'users' ORDER BY TABLE_NAME, PARTITION_NAME, PARTITION_ORDINAL_POSITION, SUBPARTITION_ORDINAL_POSITION;
# Time: 2022-10-28T01:12:34.266650Z
# User@Host: root[root] @  [172.18.0.1]  Id:    10
# Query_time: 0.004439  Lock_time: 0.001359 Rows_sent: 0  Rows_examined: 0
SET timestamp=1666919554;
SELECT ACTION_ORDER, EVENT_OBJECT_TABLE, TRIGGER_NAME, EVENT_MANIPULATION, EVENT_OBJECT_TABLE, DEFINER, ACTION_STATEMENT, ACTION_TIMING FROM information_schema.triggers WHERE BINARY event_object_schema = 'laravel_mall' AND BINARY event_object_table = 'users' ORDER BY event_object_table;
# Time: 2022-10-28T01:12:34.500397Z
# User@Host: root[root] @  [172.18.0.1]  Id:    10
# Query_time: 0.004515  Lock_time: 0.001232 Rows_sent: 0  Rows_examined: 0
SET timestamp=1666919554;
SELECT ACTION_ORDER, EVENT_OBJECT_TABLE, TRIGGER_NAME, EVENT_MANIPULATION, EVENT_OBJECT_TABLE, DEFINER, ACTION_STATEMENT, ACTION_TIMING FROM information_schema.triggers WHERE BINARY event_object_schema = 'laravel_mall' AND BINARY event_object_table = 'users' ORDER BY event_object_table;
# Time: 2022-10-28T01:12:51.420561Z
# User@Host: root[root] @  [172.18.0.1]  Id:    10
# Query_time: 0.003939  Lock_time: 0.001072 Rows_sent: 0  Rows_examined: 0
SET timestamp=1666919571;
SELECT ACTION_ORDER, EVENT_OBJECT_TABLE, TRIGGER_NAME, EVENT_MANIPULATION, EVENT_OBJECT_TABLE, DEFINER, ACTION_STATEMENT, ACTION_TIMING FROM information_schema.triggers WHERE BINARY event_object_schema = 'laravel_mall' AND BINARY event_object_table = 'users' ORDER BY event_object_table;
# Time: 2022-10-28T01:12:52.430454Z
# User@Host: root[root] @  [172.18.0.1]  Id:    10
# Query_time: 0.004461  Lock_time: 0.001197 Rows_sent: 0  Rows_examined: 0
SET timestamp=1666919572;
SELECT ACTION_ORDER, EVENT_OBJECT_TABLE, TRIGGER_NAME, EVENT_MANIPULATION, EVENT_OBJECT_TABLE, DEFINER, ACTION_STATEMENT, ACTION_TIMING FROM information_schema.triggers WHERE BINARY event_object_schema = 'laravel_mall' AND BINARY event_object_table = 'users' ORDER BY event_object_table;
# Time: 2022-10-28T01:13:23.949929Z
# User@Host: root[root] @  [172.21.0.3]  Id:    11
# Query_time: 0.000279  Lock_time: 0.000096 Rows_sent: 1  Rows_examined: 1
SET timestamp=1666919603;
select * from `cw_users` where `username` = 'admin' limit 1;
# Time: 2022-10-28T01:14:48.734555Z
# User@Host: root[root] @  [172.18.0.1]  Id:    10
# Query_time: 0.005639  Lock_time: 0.001036 Rows_sent: 0  Rows_examined: 0
SET timestamp=1666919688;
SELECT ACTION_ORDER, EVENT_OBJECT_TABLE, TRIGGER_NAME, EVENT_MANIPULATION, EVENT_OBJECT_TABLE, DEFINER, ACTION_STATEMENT, ACTION_TIMING FROM information_schema.triggers WHERE BINARY event_object_schema = 'laravel_mall' AND BINARY event_object_table = 'cw_users' ORDER BY event_object_table;
# Time: 2022-10-28T01:14:51.238640Z
# User@Host: root[root] @  [172.18.0.1]  Id:    10
# Query_time: 0.004741  Lock_time: 0.001265 Rows_sent: 0  Rows_examined: 0
SET timestamp=1666919691;
SELECT ACTION_ORDER, EVENT_OBJECT_TABLE, TRIGGER_NAME, EVENT_MANIPULATION, EVENT_OBJECT_TABLE, DEFINER, ACTION_STATEMENT, ACTION_TIMING FROM information_schema.triggers WHERE BINARY event_object_schema = 'laravel_mall' AND BINARY event_object_table = 'cw_users' ORDER BY event_object_table;
# Time: 2022-10-28T01:14:54.027000Z
# User@Host: root[root] @  [172.18.0.1]  Id:    10
# Query_time: 0.004158  Lock_time: 0.000895 Rows_sent: 0  Rows_examined: 0
SET timestamp=1666919694;
SELECT ACTION_ORDER, EVENT_OBJECT_TABLE, TRIGGER_NAME, EVENT_MANIPULATION, EVENT_OBJECT_TABLE, DEFINER, ACTION_STATEMENT, ACTION_TIMING FROM information_schema.triggers WHERE BINARY event_object_schema = 'laravel_mall' AND BINARY event_object_table = 'cw_users' ORDER BY event_object_table;
# Time: 2022-10-28T01:14:54.031569Z
# User@Host: root[root] @  [172.18.0.1]  Id:    10
# Query_time: 0.002664  Lock_time: 0.000964 Rows_sent: 0  Rows_examined: 1
SET timestamp=1666919694;
SELECT TABLE_NAME, PARTITION_NAME, SUBPARTITION_NAME, PARTITION_METHOD, SUBPARTITION_METHOD, PARTITION_EXPRESSION, SUBPARTITION_EXPRESSION, PARTITION_DESCRIPTION, PARTITION_COMMENT, NODEGROUP, TABLESPACE_NAME FROM information_schema.PARTITIONS WHERE NOT ISNULL(PARTITION_NAME) AND TABLE_SCHEMA LIKE 'laravel_mall' AND TABLE_NAME LIKE 'cw_users' ORDER BY TABLE_NAME, PARTITION_NAME, PARTITION_ORDINAL_POSITION, SUBPARTITION_ORDINAL_POSITION;
# Time: 2022-10-28T01:14:54.186509Z
# User@Host: root[root] @  [172.18.0.1]  Id:    10
# Query_time: 0.003524  Lock_time: 0.000855 Rows_sent: 0  Rows_examined: 0
SET timestamp=1666919694;
SELECT ACTION_ORDER, EVENT_OBJECT_TABLE, TRIGGER_NAME, EVENT_MANIPULATION, EVENT_OBJECT_TABLE, DEFINER, ACTION_STATEMENT, ACTION_TIMING FROM information_schema.triggers WHERE BINARY event_object_schema = 'laravel_mall' AND BINARY event_object_table = 'cw_users' ORDER BY event_object_table;
# Time: 2022-10-28T01:14:54.403995Z
# User@Host: root[root] @  [172.18.0.1]  Id:    10
# Query_time: 0.004436  Lock_time: 0.001256 Rows_sent: 0  Rows_examined: 0
SET timestamp=1666919694;
SELECT ACTION_ORDER, EVENT_OBJECT_TABLE, TRIGGER_NAME, EVENT_MANIPULATION, EVENT_OBJECT_TABLE, DEFINER, ACTION_STATEMENT, ACTION_TIMING FROM information_schema.triggers WHERE BINARY event_object_schema = 'laravel_mall' AND BINARY event_object_table = 'cw_users' ORDER BY event_object_table;
# Time: 2022-10-28T01:15:13.468003Z
# User@Host: root[root] @  [172.18.0.1]  Id:    10
# Query_time: 0.006122  Lock_time: 0.001256 Rows_sent: 0  Rows_examined: 0
SET timestamp=1666919713;
SELECT ACTION_ORDER, EVENT_OBJECT_TABLE, TRIGGER_NAME, EVENT_MANIPULATION, EVENT_OBJECT_TABLE, DEFINER, ACTION_STATEMENT, ACTION_TIMING FROM information_schema.triggers WHERE BINARY event_object_schema = 'laravel_mall' AND BINARY event_object_table = 'cw_users' ORDER BY event_object_table;
# Time: 2022-10-28T01:15:22.824466Z
# User@Host: root[root] @  [172.18.0.1]  Id:    10
# Query_time: 0.005539  Lock_time: 0.000785 Rows_sent: 0  Rows_examined: 0
SET timestamp=1666919722;
SELECT ACTION_ORDER, EVENT_OBJECT_TABLE, TRIGGER_NAME, EVENT_MANIPULATION, EVENT_OBJECT_TABLE, DEFINER, ACTION_STATEMENT, ACTION_TIMING FROM information_schema.triggers WHERE BINARY event_object_schema = 'laravel_mall' AND BINARY event_object_table = 'cw_users' ORDER BY event_object_table;
# Time: 2022-10-28T01:15:22.828880Z
# User@Host: root[root] @  [172.18.0.1]  Id:    10
# Query_time: 0.002512  Lock_time: 0.000854 Rows_sent: 0  Rows_examined: 1
SET timestamp=1666919722;
SELECT TABLE_NAME, PARTITION_NAME, SUBPARTITION_NAME, PARTITION_METHOD, SUBPARTITION_METHOD, PARTITION_EXPRESSION, SUBPARTITION_EXPRESSION, PARTITION_DESCRIPTION, PARTITION_COMMENT, NODEGROUP, TABLESPACE_NAME FROM information_schema.PARTITIONS WHERE NOT ISNULL(PARTITION_NAME) AND TABLE_SCHEMA LIKE 'laravel_mall' AND TABLE_NAME LIKE 'cw_users' ORDER BY TABLE_NAME, PARTITION_NAME, PARTITION_ORDINAL_POSITION, SUBPARTITION_ORDINAL_POSITION;
# Time: 2022-10-28T01:15:22.865245Z
# User@Host: root[root] @  [172.18.0.1]  Id:    10
# Query_time: 0.002823  Lock_time: 0.000829 Rows_sent: 0  Rows_examined: 0
SET timestamp=1666919722;
SELECT ACTION_ORDER, EVENT_OBJECT_TABLE, TRIGGER_NAME, EVENT_MANIPULATION, EVENT_OBJECT_TABLE, DEFINER, ACTION_STATEMENT, ACTION_TIMING FROM information_schema.triggers WHERE BINARY event_object_schema = 'laravel_mall' AND BINARY event_object_table = 'cw_users' ORDER BY event_object_table;
# Time: 2022-10-28T01:15:22.943124Z
# User@Host: root[root] @  [172.18.0.1]  Id:    10
# Query_time: 0.004565  Lock_time: 0.001555 Rows_sent: 0  Rows_examined: 0
SET timestamp=1666919722;
SELECT ACTION_ORDER, EVENT_OBJECT_TABLE, TRIGGER_NAME, EVENT_MANIPULATION, EVENT_OBJECT_TABLE, DEFINER, ACTION_STATEMENT, ACTION_TIMING FROM information_schema.triggers WHERE BINARY event_object_schema = 'laravel_mall' AND BINARY event_object_table = 'cw_users' ORDER BY event_object_table;
# Time: 2022-10-28T01:15:41.466572Z
# User@Host: root[root] @  [172.18.0.1]  Id:    10
# Query_time: 0.006349  Lock_time: 0.000874 Rows_sent: 0  Rows_examined: 0
SET timestamp=1666919741;
SELECT ACTION_ORDER, EVENT_OBJECT_TABLE, TRIGGER_NAME, EVENT_MANIPULATION, EVENT_OBJECT_TABLE, DEFINER, ACTION_STATEMENT, ACTION_TIMING FROM information_schema.triggers WHERE BINARY event_object_schema = 'laravel_mall' AND BINARY event_object_table = 'cw_users' ORDER BY event_object_table;
# Time: 2022-10-28T01:15:41.471173Z
# User@Host: root[root] @  [172.18.0.1]  Id:    10
# Query_time: 0.002501  Lock_time: 0.000902 Rows_sent: 0  Rows_examined: 1
SET timestamp=1666919741;
SELECT TABLE_NAME, PARTITION_NAME, SUBPARTITION_NAME, PARTITION_METHOD, SUBPARTITION_METHOD, PARTITION_EXPRESSION, SUBPARTITION_EXPRESSION, PARTITION_DESCRIPTION, PARTITION_COMMENT, NODEGROUP, TABLESPACE_NAME FROM information_schema.PARTITIONS WHERE NOT ISNULL(PARTITION_NAME) AND TABLE_SCHEMA LIKE 'laravel_mall' AND TABLE_NAME LIKE 'cw_users' ORDER BY TABLE_NAME, PARTITION_NAME, PARTITION_ORDINAL_POSITION, SUBPARTITION_ORDINAL_POSITION;
# Time: 2022-10-28T01:15:41.508840Z
# User@Host: root[root] @  [172.18.0.1]  Id:    10
# Query_time: 0.003227  Lock_time: 0.000952 Rows_sent: 0  Rows_examined: 0
SET timestamp=1666919741;
SELECT ACTION_ORDER, EVENT_OBJECT_TABLE, TRIGGER_NAME, EVENT_MANIPULATION, EVENT_OBJECT_TABLE, DEFINER, ACTION_STATEMENT, ACTION_TIMING FROM information_schema.triggers WHERE BINARY event_object_schema = 'laravel_mall' AND BINARY event_object_table = 'cw_users' ORDER BY event_object_table;
# Time: 2022-10-28T01:15:41.587352Z
# User@Host: root[root] @  [172.18.0.1]  Id:    10
# Query_time: 0.003342  Lock_time: 0.001282 Rows_sent: 0  Rows_examined: 0
SET timestamp=1666919741;
SELECT ACTION_ORDER, EVENT_OBJECT_TABLE, TRIGGER_NAME, EVENT_MANIPULATION, EVENT_OBJECT_TABLE, DEFINER, ACTION_STATEMENT, ACTION_TIMING FROM information_schema.triggers WHERE BINARY event_object_schema = 'laravel_mall' AND BINARY event_object_table = 'cw_users' ORDER BY event_object_table;
# Time: 2022-10-28T01:15:42.895643Z
# User@Host: root[root] @  [172.18.0.1]  Id:    10
# Query_time: 0.003950  Lock_time: 0.001013 Rows_sent: 0  Rows_examined: 0
SET timestamp=1666919742;
SELECT ACTION_ORDER, EVENT_OBJECT_TABLE, TRIGGER_NAME, EVENT_MANIPULATION, EVENT_OBJECT_TABLE, DEFINER, ACTION_STATEMENT, ACTION_TIMING FROM information_schema.triggers WHERE BINARY event_object_schema = 'laravel_mall' AND BINARY event_object_table = 'cw_users' ORDER BY event_object_table;
# Time: 2022-10-28T02:18:12.329725Z
# User@Host: root[root] @  [172.18.0.1]  Id:    20
# Query_time: 0.000996  Lock_time: 0.000821 Rows_sent: 1  Rows_examined: 1
SET timestamp=1666923492;
SELECT * FROM `laravel_mall`.`cw_users` LIMIT 0,1000;
# Time: 2022-10-28T07:17:37.437828Z
# User@Host: root[root] @  [172.18.0.1]  Id:    24
# Query_time: 0.006599  Lock_time: 0.005576 Rows_sent: 1  Rows_examined: 1
SET timestamp=1666941457;
SELECT * FROM `laravel_mall`.`cw_users` LIMIT 0,1000;
# Time: 2022-10-28T07:17:38.473870Z
# User@Host: root[root] @  [172.18.0.1]  Id:    24
# Query_time: 0.000413  Lock_time: 0.000147 Rows_sent: 1  Rows_examined: 1
SET timestamp=1666941458;
SELECT * FROM `laravel_mall`.`cw_users` LIMIT 0,1000;
# Time: 2022-10-28T07:17:38.815494Z
# User@Host: root[root] @  [172.18.0.1]  Id:    24
# Query_time: 0.000159  Lock_time: 0.000059 Rows_sent: 1  Rows_examined: 1
SET timestamp=1666941458;
SELECT * FROM `laravel_mall`.`cw_users` LIMIT 0,1000;
# Time: 2022-10-28T07:17:39.279061Z
# User@Host: root[root] @  [172.18.0.1]  Id:    24
# Query_time: 0.000160  Lock_time: 0.000059 Rows_sent: 1  Rows_examined: 1
SET timestamp=1666941459;
SELECT * FROM `laravel_mall`.`cw_users` LIMIT 0,1000;
# Time: 2022-10-28T07:17:40.141469Z
# User@Host: root[root] @  [172.18.0.1]  Id:    24
# Query_time: 0.000158  Lock_time: 0.000059 Rows_sent: 1  Rows_examined: 1
SET timestamp=1666941460;
SELECT * FROM `laravel_mall`.`cw_users` LIMIT 0,1000;
# Time: 2022-10-28T07:17:55.103869Z
# User@Host: root[root] @  [172.18.0.1]  Id:    24
# Query_time: 0.000232  Lock_time: 0.000079 Rows_sent: 1  Rows_examined: 1
SET timestamp=1666941475;
SELECT * FROM `laravel_mall`.`cw_users` LIMIT 0,1000;
# Time: 2022-10-28T07:18:22.259796Z
# User@Host: root[root] @  [172.18.0.1]  Id:    24
# Query_time: 0.000217  Lock_time: 0.000077 Rows_sent: 1  Rows_examined: 1
SET timestamp=1666941502;
SELECT * FROM `laravel_mall`.`cw_users` LIMIT 0,1000;
# Time: 2022-10-28T07:20:51.226002Z
# User@Host: root[root] @  [172.18.0.1]  Id:    24
# Query_time: 0.000509  Lock_time: 0.000214 Rows_sent: 1  Rows_examined: 1
SET timestamp=1666941651;
SELECT * FROM `laravel_mall`.`cw_users` LIMIT 0,1000;
# Time: 2022-10-28T09:10:14.086467Z
# User@Host: root[root] @  [172.18.0.1]  Id:    31
# Query_time: 0.051047  Lock_time: 0.006441 Rows_sent: 0  Rows_examined: 0
SET timestamp=1666948214;
SELECT ACTION_ORDER, EVENT_OBJECT_TABLE, TRIGGER_NAME, EVENT_MANIPULATION, EVENT_OBJECT_TABLE, DEFINER, ACTION_STATEMENT, ACTION_TIMING FROM information_schema.triggers WHERE BINARY event_object_schema = 'laravel_mall' AND BINARY event_object_table = 'cw_users' ORDER BY event_object_table;
# Time: 2022-10-28T09:10:16.259844Z
# User@Host: root[root] @  [172.18.0.1]  Id:    31
# Query_time: 0.007028  Lock_time: 0.002581 Rows_sent: 0  Rows_examined: 0
SET timestamp=1666948216;
SELECT ACTION_ORDER, EVENT_OBJECT_TABLE, TRIGGER_NAME, EVENT_MANIPULATION, EVENT_OBJECT_TABLE, DEFINER, ACTION_STATEMENT, ACTION_TIMING FROM information_schema.triggers WHERE BINARY event_object_schema = 'laravel_mall' AND BINARY event_object_table = 'cw_users' ORDER BY event_object_table;
# Time: 2022-10-28T09:10:16.263476Z
# User@Host: root[root] @  [172.18.0.1]  Id:    32
# Query_time: 0.000895  Lock_time: 0.000762 Rows_sent: 1  Rows_examined: 1
SET timestamp=1666948216;
SELECT * FROM `laravel_mall`.`cw_users` LIMIT 0,1000;
# Time: 2022-10-28T09:10:16.323435Z
# User@Host: root[root] @  [172.18.0.1]  Id:    31
# Query_time: 0.004723  Lock_time: 0.001303 Rows_sent: 0  Rows_examined: 0
SET timestamp=1666948216;
SELECT ACTION_ORDER, EVENT_OBJECT_TABLE, TRIGGER_NAME, EVENT_MANIPULATION, EVENT_OBJECT_TABLE, DEFINER, ACTION_STATEMENT, ACTION_TIMING FROM information_schema.triggers WHERE BINARY event_object_schema = 'laravel_mall' AND BINARY event_object_table = 'cw_users' ORDER BY event_object_table;
# Time: 2022-10-28T09:10:17.839915Z
# User@Host: root[root] @  [172.18.0.1]  Id:    31
# Query_time: 0.004493  Lock_time: 0.001051 Rows_sent: 0  Rows_examined: 0
SET timestamp=1666948217;
SELECT ACTION_ORDER, EVENT_OBJECT_TABLE, TRIGGER_NAME, EVENT_MANIPULATION, EVENT_OBJECT_TABLE, DEFINER, ACTION_STATEMENT, ACTION_TIMING FROM information_schema.triggers WHERE BINARY event_object_schema = 'laravel_mall' AND BINARY event_object_table = 'cw_users' ORDER BY event_object_table;
# Time: 2022-10-28T09:10:17.928180Z
# User@Host: root[root] @  [172.18.0.1]  Id:    31
# Query_time: 0.004339  Lock_time: 0.001028 Rows_sent: 0  Rows_examined: 0
SET timestamp=1666948217;
SELECT ACTION_ORDER, EVENT_OBJECT_TABLE, TRIGGER_NAME, EVENT_MANIPULATION, EVENT_OBJECT_TABLE, DEFINER, ACTION_STATEMENT, ACTION_TIMING FROM information_schema.triggers WHERE BINARY event_object_schema = 'laravel_mall' AND BINARY event_object_table = 'cw_users' ORDER BY event_object_table;
# Time: 2022-10-28T09:10:20.033082Z
# User@Host: root[root] @  [172.18.0.1]  Id:    31
# Query_time: 0.005375  Lock_time: 0.001158 Rows_sent: 0  Rows_examined: 0
SET timestamp=1666948220;
SELECT ACTION_ORDER, EVENT_OBJECT_TABLE, TRIGGER_NAME, EVENT_MANIPULATION, EVENT_OBJECT_TABLE, DEFINER, ACTION_STATEMENT, ACTION_TIMING FROM information_schema.triggers WHERE BINARY event_object_schema = 'laravel_mall' AND BINARY event_object_table = 'cw_users' ORDER BY event_object_table;
# Time: 2022-10-29T01:09:14.860786Z
# User@Host: root[root] @  [172.21.0.2]  Id:    35
# Query_time: 0.006242  Lock_time: 0.000541 Rows_sent: 0  Rows_examined: 5
use kefu_master;
SET timestamp=1667005754;
SELECT * FROM `god_kefu_seat`  WHERE (online = 1);
# Time: 2022-10-29T01:09:14.870224Z
# User@Host: root[root] @  [172.21.0.2]  Id:    35
# Query_time: 0.000727  Lock_time: 0.000023 Rows_sent: 0  Rows_examined: 12
SET timestamp=1667005754;
SELECT * FROM `god_kefu_cust`  WHERE (online = 1);
# Time: 2022-10-30T10:15:10.991532Z
# User@Host: root[root] @  [172.21.0.2]  Id:    35
# Query_time: 0.002798  Lock_time: 0.000782 Rows_sent: 0  Rows_examined: 5
SET timestamp=1667124910;
SELECT * FROM `god_kefu_seat`  WHERE (online = 1);
# Time: 2022-10-30T10:15:10.997074Z
# User@Host: root[root] @  [172.21.0.2]  Id:    35
# Query_time: 0.000244  Lock_time: 0.000028 Rows_sent: 0  Rows_examined: 12
SET timestamp=1667124910;
SELECT * FROM `god_kefu_cust`  WHERE (online = 1);
# Time: 2022-10-31T01:05:00.049149Z
# User@Host: root[root] @  [172.21.0.2]  Id:    36
# Query_time: 0.002372  Lock_time: 0.000193 Rows_sent: 0  Rows_examined: 5
SET timestamp=1667178300;
SELECT * FROM `god_kefu_seat`  WHERE (online = 1);
# Time: 2022-10-31T01:05:00.053369Z
# User@Host: root[root] @  [172.21.0.2]  Id:    36
# Query_time: 0.000934  Lock_time: 0.000030 Rows_sent: 0  Rows_examined: 12
SET timestamp=1667178300;
SELECT * FROM `god_kefu_cust`  WHERE (online = 1);
# Time: 2022-10-31T01:05:01.004561Z
# User@Host: root[root] @  [172.21.0.2]  Id:    36
# Query_time: 0.000162  Lock_time: 0.000035 Rows_sent: 0  Rows_examined: 5
SET timestamp=1667178301;
SELECT * FROM `god_kefu_seat`  WHERE (online = 1);
# Time: 2022-10-31T01:05:01.006687Z
# User@Host: root[root] @  [172.21.0.2]  Id:    36
# Query_time: 0.000150  Lock_time: 0.000030 Rows_sent: 0  Rows_examined: 12
SET timestamp=1667178301;
SELECT * FROM `god_kefu_cust`  WHERE (online = 1);
# Time: 2022-10-31T01:05:02.005479Z
# User@Host: root[root] @  [172.21.0.2]  Id:    36
# Query_time: 0.000535  Lock_time: 0.000102 Rows_sent: 0  Rows_examined: 5
SET timestamp=1667178302;
SELECT * FROM `god_kefu_seat`  WHERE (online = 1);
# Time: 2022-10-31T01:05:02.006902Z
# User@Host: root[root] @  [172.21.0.2]  Id:    36
# Query_time: 0.000325  Lock_time: 0.000020 Rows_sent: 0  Rows_examined: 12
SET timestamp=1667178302;
SELECT * FROM `god_kefu_cust`  WHERE (online = 1);
# Time: 2022-10-31T01:05:03.002830Z
# User@Host: root[root] @  [172.21.0.2]  Id:    36
# Query_time: 0.000227  Lock_time: 0.000029 Rows_sent: 0  Rows_examined: 5
SET timestamp=1667178303;
SELECT * FROM `god_kefu_seat`  WHERE (online = 1);
# Time: 2022-10-31T01:05:03.003878Z
# User@Host: root[root] @  [172.21.0.2]  Id:    36
# Query_time: 0.000158  Lock_time: 0.000021 Rows_sent: 0  Rows_examined: 12
SET timestamp=1667178303;
SELECT * FROM `god_kefu_cust`  WHERE (online = 1);
# Time: 2022-10-31T01:05:04.006351Z
# User@Host: root[root] @  [172.21.0.2]  Id:    36
# Query_time: 0.000217  Lock_time: 0.000047 Rows_sent: 0  Rows_examined: 5
SET timestamp=1667178304;
SELECT * FROM `god_kefu_seat`  WHERE (online = 1);
# Time: 2022-10-31T01:05:04.007893Z
# User@Host: root[root] @  [172.21.0.2]  Id:    36
# Query_time: 0.000144  Lock_time: 0.000024 Rows_sent: 0  Rows_examined: 12
SET timestamp=1667178304;
SELECT * FROM `god_kefu_cust`  WHERE (online = 1);
# Time: 2022-10-31T01:05:05.003984Z
# User@Host: root[root] @  [172.21.0.2]  Id:    36
# Query_time: 0.000165  Lock_time: 0.000040 Rows_sent: 0  Rows_examined: 5
SET timestamp=1667178305;
SELECT * FROM `god_kefu_seat`  WHERE (online = 1);
# Time: 2022-10-31T01:05:05.005101Z
# User@Host: root[root] @  [172.21.0.2]  Id:    36
# Query_time: 0.000128  Lock_time: 0.000021 Rows_sent: 0  Rows_examined: 12
SET timestamp=1667178305;
SELECT * FROM `god_kefu_cust`  WHERE (online = 1);
# Time: 2022-10-31T01:05:06.004186Z
# User@Host: root[root] @  [172.21.0.2]  Id:    36
# Query_time: 0.000204  Lock_time: 0.000040 Rows_sent: 0  Rows_examined: 5
SET timestamp=1667178306;
SELECT * FROM `god_kefu_seat`  WHERE (online = 1);
# Time: 2022-10-31T01:05:06.005982Z
# User@Host: root[root] @  [172.21.0.2]  Id:    36
# Query_time: 0.000167  Lock_time: 0.000033 Rows_sent: 0  Rows_examined: 12
SET timestamp=1667178306;
SELECT * FROM `god_kefu_cust`  WHERE (online = 1);
# Time: 2022-10-31T01:05:07.002210Z
# User@Host: root[root] @  [172.21.0.2]  Id:    36
# Query_time: 0.000155  Lock_time: 0.000031 Rows_sent: 0  Rows_examined: 5
SET timestamp=1667178307;
SELECT * FROM `god_kefu_seat`  WHERE (online = 1);
# Time: 2022-10-31T01:05:07.003361Z
# User@Host: root[root] @  [172.21.0.2]  Id:    36
# Query_time: 0.000152  Lock_time: 0.000037 Rows_sent: 0  Rows_examined: 12
SET timestamp=1667178307;
SELECT * FROM `god_kefu_cust`  WHERE (online = 1);
# Time: 2022-10-31T01:05:08.003261Z
# User@Host: root[root] @  [172.21.0.2]  Id:    36
# Query_time: 0.000197  Lock_time: 0.000041 Rows_sent: 0  Rows_examined: 5
SET timestamp=1667178308;
SELECT * FROM `god_kefu_seat`  WHERE (online = 1);
# Time: 2022-10-31T01:05:08.004622Z
# User@Host: root[root] @  [172.21.0.2]  Id:    36
# Query_time: 0.000140  Lock_time: 0.000029 Rows_sent: 0  Rows_examined: 12
SET timestamp=1667178308;
SELECT * FROM `god_kefu_cust`  WHERE (online = 1);
# Time: 2022-10-31T01:05:09.003609Z
# User@Host: root[root] @  [172.21.0.2]  Id:    36
# Query_time: 0.000159  Lock_time: 0.000032 Rows_sent: 0  Rows_examined: 5
SET timestamp=1667178309;
SELECT * FROM `god_kefu_seat`  WHERE (online = 1);
# Time: 2022-10-31T01:05:09.004768Z
# User@Host: root[root] @  [172.21.0.2]  Id:    36
# Query_time: 0.000192  Lock_time: 0.000025 Rows_sent: 0  Rows_examined: 12
SET timestamp=1667178309;
SELECT * FROM `god_kefu_cust`  WHERE (online = 1);
# Time: 2022-10-31T01:05:10.002871Z
# User@Host: root[root] @  [172.21.0.2]  Id:    36
# Query_time: 0.000317  Lock_time: 0.000030 Rows_sent: 0  Rows_examined: 5
SET timestamp=1667178310;
SELECT * FROM `god_kefu_seat`  WHERE (online = 1);
# Time: 2022-10-31T01:05:10.003878Z
# User@Host: root[root] @  [172.21.0.2]  Id:    36
# Query_time: 0.000204  Lock_time: 0.000050 Rows_sent: 0  Rows_examined: 12
SET timestamp=1667178310;
SELECT * FROM `god_kefu_cust`  WHERE (online = 1);
# Time: 2022-10-31T01:05:11.003064Z
# User@Host: root[root] @  [172.21.0.2]  Id:    36
# Query_time: 0.000184  Lock_time: 0.000032 Rows_sent: 0  Rows_examined: 5
SET timestamp=1667178311;
SELECT * FROM `god_kefu_seat`  WHERE (online = 1);
# Time: 2022-10-31T01:05:11.004503Z
# User@Host: root[root] @  [172.21.0.2]  Id:    36
# Query_time: 0.000155  Lock_time: 0.000032 Rows_sent: 0  Rows_examined: 12
SET timestamp=1667178311;
SELECT * FROM `god_kefu_cust`  WHERE (online = 1);
# Time: 2022-10-31T01:05:12.002974Z
# User@Host: root[root] @  [172.21.0.2]  Id:    36
# Query_time: 0.000204  Lock_time: 0.000053 Rows_sent: 0  Rows_examined: 5
SET timestamp=1667178312;
SELECT * FROM `god_kefu_seat`  WHERE (online = 1);
# Time: 2022-10-31T01:05:12.004522Z
# User@Host: root[root] @  [172.21.0.2]  Id:    36
# Query_time: 0.000180  Lock_time: 0.000036 Rows_sent: 0  Rows_examined: 12
SET timestamp=1667178312;
SELECT * FROM `god_kefu_cust`  WHERE (online = 1);
# Time: 2022-10-31T01:05:13.004312Z
# User@Host: root[root] @  [172.21.0.2]  Id:    36
# Query_time: 0.000228  Lock_time: 0.000047 Rows_sent: 0  Rows_examined: 5
SET timestamp=1667178313;
SELECT * FROM `god_kefu_seat`  WHERE (online = 1);
# Time: 2022-10-31T01:05:13.006229Z
# User@Host: root[root] @  [172.21.0.2]  Id:    36
# Query_time: 0.000187  Lock_time: 0.000038 Rows_sent: 0  Rows_examined: 12
SET timestamp=1667178313;
SELECT * FROM `god_kefu_cust`  WHERE (online = 1);
# Time: 2022-10-31T01:05:14.003633Z
# User@Host: root[root] @  [172.21.0.2]  Id:    36
# Query_time: 0.000222  Lock_time: 0.000080 Rows_sent: 0  Rows_examined: 5
SET timestamp=1667178314;
SELECT * FROM `god_kefu_seat`  WHERE (online = 1);
# Time: 2022-10-31T01:05:14.005148Z
# User@Host: root[root] @  [172.21.0.2]  Id:    36
# Query_time: 0.000160  Lock_time: 0.000025 Rows_sent: 0  Rows_examined: 12
SET timestamp=1667178314;
SELECT * FROM `god_kefu_cust`  WHERE (online = 1);
# Time: 2022-10-31T01:05:15.002190Z
# User@Host: root[root] @  [172.21.0.2]  Id:    36
# Query_time: 0.000129  Lock_time: 0.000033 Rows_sent: 0  Rows_examined: 5
SET timestamp=1667178315;
SELECT * FROM `god_kefu_seat`  WHERE (online = 1);
# Time: 2022-10-31T01:05:15.003540Z
# User@Host: root[root] @  [172.21.0.2]  Id:    36
# Query_time: 0.000142  Lock_time: 0.000029 Rows_sent: 0  Rows_examined: 12
SET timestamp=1667178315;
SELECT * FROM `god_kefu_cust`  WHERE (online = 1);
# Time: 2022-10-31T01:05:16.004965Z
# User@Host: root[root] @  [172.21.0.2]  Id:    36
# Query_time: 0.000469  Lock_time: 0.000067 Rows_sent: 0  Rows_examined: 5
SET timestamp=1667178316;
SELECT * FROM `god_kefu_seat`  WHERE (online = 1);
# Time: 2022-10-31T01:05:16.006435Z
# User@Host: root[root] @  [172.21.0.2]  Id:    36
# Query_time: 0.000245  Lock_time: 0.000069 Rows_sent: 0  Rows_examined: 12
SET timestamp=1667178316;
SELECT * FROM `god_kefu_cust`  WHERE (online = 1);
# Time: 2022-10-31T01:05:17.003788Z
# User@Host: root[root] @  [172.21.0.2]  Id:    36
# Query_time: 0.000441  Lock_time: 0.000064 Rows_sent: 0  Rows_examined: 5
SET timestamp=1667178317;
SELECT * FROM `god_kefu_seat`  WHERE (online = 1);
# Time: 2022-10-31T01:05:17.005174Z
# User@Host: root[root] @  [172.21.0.2]  Id:    36
# Query_time: 0.000255  Lock_time: 0.000065 Rows_sent: 0  Rows_examined: 12
SET timestamp=1667178317;
SELECT * FROM `god_kefu_cust`  WHERE (online = 1);
# Time: 2022-10-31T01:05:18.002120Z
# User@Host: root[root] @  [172.21.0.2]  Id:    36
# Query_time: 0.000185  Lock_time: 0.000034 Rows_sent: 0  Rows_examined: 5
SET timestamp=1667178318;
SELECT * FROM `god_kefu_seat`  WHERE (online = 1);
# Time: 2022-10-31T01:05:18.004285Z
# User@Host: root[root] @  [172.21.0.2]  Id:    36
# Query_time: 0.000144  Lock_time: 0.000029 Rows_sent: 0  Rows_examined: 12
SET timestamp=1667178318;
SELECT * FROM `god_kefu_cust`  WHERE (online = 1);
# Time: 2022-10-31T01:05:19.004285Z
# User@Host: root[root] @  [172.21.0.2]  Id:    36
# Query_time: 0.000166  Lock_time: 0.000035 Rows_sent: 0  Rows_examined: 5
SET timestamp=1667178319;
SELECT * FROM `god_kefu_seat`  WHERE (online = 1);
# Time: 2022-10-31T01:05:19.008440Z
# User@Host: root[root] @  [172.21.0.2]  Id:    36
# Query_time: 0.000191  Lock_time: 0.000039 Rows_sent: 0  Rows_examined: 12
SET timestamp=1667178319;
SELECT * FROM `god_kefu_cust`  WHERE (online = 1);
# Time: 2022-10-31T01:05:20.003421Z
# User@Host: root[root] @  [172.21.0.2]  Id:    36
# Query_time: 0.000244  Lock_time: 0.000055 Rows_sent: 0  Rows_examined: 5
SET timestamp=1667178320;
SELECT * FROM `god_kefu_seat`  WHERE (online = 1);
# Time: 2022-10-31T01:05:20.006177Z
# User@Host: root[root] @  [172.21.0.2]  Id:    36
# Query_time: 0.000187  Lock_time: 0.000034 Rows_sent: 0  Rows_examined: 12
SET timestamp=1667178320;
SELECT * FROM `god_kefu_cust`  WHERE (online = 1);
# Time: 2022-10-31T01:05:21.005353Z
# User@Host: root[root] @  [172.21.0.2]  Id:    36
# Query_time: 0.001221  Lock_time: 0.000033 Rows_sent: 0  Rows_examined: 5
SET timestamp=1667178321;
SELECT * FROM `god_kefu_seat`  WHERE (online = 1);
# Time: 2022-10-31T01:05:21.006913Z
# User@Host: root[root] @  [172.21.0.2]  Id:    36
# Query_time: 0.000139  Lock_time: 0.000031 Rows_sent: 0  Rows_examined: 12
SET timestamp=1667178321;
SELECT * FROM `god_kefu_cust`  WHERE (online = 1);
# Time: 2022-10-31T01:05:22.005234Z
# User@Host: root[root] @  [172.21.0.2]  Id:    36
# Query_time: 0.000234  Lock_time: 0.000054 Rows_sent: 0  Rows_examined: 5
SET timestamp=1667178322;
SELECT * FROM `god_kefu_seat`  WHERE (online = 1);
# Time: 2022-10-31T01:05:22.006655Z
# User@Host: root[root] @  [172.21.0.2]  Id:    36
# Query_time: 0.000173  Lock_time: 0.000033 Rows_sent: 0  Rows_examined: 12
SET timestamp=1667178322;
SELECT * FROM `god_kefu_cust`  WHERE (online = 1);
# Time: 2022-10-31T01:05:23.003666Z
# User@Host: root[root] @  [172.21.0.2]  Id:    36
# Query_time: 0.000278  Lock_time: 0.000042 Rows_sent: 0  Rows_examined: 5
SET timestamp=1667178323;
SELECT * FROM `god_kefu_seat`  WHERE (online = 1);
# Time: 2022-10-31T01:05:23.005066Z
# User@Host: root[root] @  [172.21.0.2]  Id:    36
# Query_time: 0.000145  Lock_time: 0.000042 Rows_sent: 0  Rows_examined: 12
SET timestamp=1667178323;
SELECT * FROM `god_kefu_cust`  WHERE (online = 1);
# Time: 2022-10-31T01:05:24.003343Z
# User@Host: root[root] @  [172.21.0.2]  Id:    36
# Query_time: 0.000232  Lock_time: 0.000053 Rows_sent: 0  Rows_examined: 5
SET timestamp=1667178324;
SELECT * FROM `god_kefu_seat`  WHERE (online = 1);
# Time: 2022-10-31T01:05:24.004675Z
# User@Host: root[root] @  [172.21.0.2]  Id:    36
# Query_time: 0.000143  Lock_time: 0.000029 Rows_sent: 0  Rows_examined: 12
SET timestamp=1667178324;
SELECT * FROM `god_kefu_cust`  WHERE (online = 1);
# Time: 2022-10-31T01:05:25.004137Z
# User@Host: root[root] @  [172.21.0.2]  Id:    36
# Query_time: 0.000315  Lock_time: 0.000060 Rows_sent: 0  Rows_examined: 5
SET timestamp=1667178325;
SELECT * FROM `god_kefu_seat`  WHERE (online = 1);
# Time: 2022-10-31T01:05:25.006238Z
# User@Host: root[root] @  [172.21.0.2]  Id:    36
# Query_time: 0.000206  Lock_time: 0.000035 Rows_sent: 0  Rows_examined: 12
SET timestamp=1667178325;
SELECT * FROM `god_kefu_cust`  WHERE (online = 1);
# Time: 2022-10-31T01:05:26.006491Z
# User@Host: root[root] @  [172.21.0.2]  Id:    36
# Query_time: 0.000221  Lock_time: 0.000033 Rows_sent: 0  Rows_examined: 5
SET timestamp=1667178326;
SELECT * FROM `god_kefu_seat`  WHERE (online = 1);
# Time: 2022-10-31T01:05:26.008012Z
# User@Host: root[root] @  [172.21.0.2]  Id:    36
# Query_time: 0.000158  Lock_time: 0.000032 Rows_sent: 0  Rows_examined: 12
SET timestamp=1667178326;
SELECT * FROM `god_kefu_cust`  WHERE (online = 1);
# Time: 2022-10-31T01:05:27.002669Z
# User@Host: root[root] @  [172.21.0.2]  Id:    36
# Query_time: 0.000165  Lock_time: 0.000030 Rows_sent: 0  Rows_examined: 5
SET timestamp=1667178327;
SELECT * FROM `god_kefu_seat`  WHERE (online = 1);
# Time: 2022-10-31T01:05:27.003984Z
# User@Host: root[root] @  [172.21.0.2]  Id:    36
# Query_time: 0.000134  Lock_time: 0.000025 Rows_sent: 0  Rows_examined: 12
SET timestamp=1667178327;
SELECT * FROM `god_kefu_cust`  WHERE (online = 1);
# Time: 2022-10-31T01:05:28.003760Z
# User@Host: root[root] @  [172.21.0.2]  Id:    36
# Query_time: 0.000418  Lock_time: 0.000027 Rows_sent: 0  Rows_examined: 5
SET timestamp=1667178328;
SELECT * FROM `god_kefu_seat`  WHERE (online = 1);
# Time: 2022-10-31T01:05:28.005135Z
# User@Host: root[root] @  [172.21.0.2]  Id:    36
# Query_time: 0.000330  Lock_time: 0.000094 Rows_sent: 0  Rows_examined: 12
SET timestamp=1667178328;
SELECT * FROM `god_kefu_cust`  WHERE (online = 1);
# Time: 2022-10-31T01:05:29.003045Z
# User@Host: root[root] @  [172.21.0.2]  Id:    36
# Query_time: 0.000147  Lock_time: 0.000040 Rows_sent: 0  Rows_examined: 5
SET timestamp=1667178329;
SELECT * FROM `god_kefu_seat`  WHERE (online = 1);
# Time: 2022-10-31T01:05:29.004266Z
# User@Host: root[root] @  [172.21.0.2]  Id:    36
# Query_time: 0.000102  Lock_time: 0.000023 Rows_sent: 0  Rows_examined: 12
SET timestamp=1667178329;
SELECT * FROM `god_kefu_cust`  WHERE (online = 1);
# Time: 2022-10-31T01:05:30.002470Z
# User@Host: root[root] @  [172.21.0.2]  Id:    36
# Query_time: 0.000221  Lock_time: 0.000032 Rows_sent: 0  Rows_examined: 5
SET timestamp=1667178330;
SELECT * FROM `god_kefu_seat`  WHERE (online = 1);
# Time: 2022-10-31T01:05:30.003640Z
# User@Host: root[root] @  [172.21.0.2]  Id:    36
# Query_time: 0.000139  Lock_time: 0.000024 Rows_sent: 0  Rows_examined: 12
SET timestamp=1667178330;
SELECT * FROM `god_kefu_cust`  WHERE (online = 1);
# Time: 2022-10-31T01:05:31.005381Z
# User@Host: root[root] @  [172.21.0.2]  Id:    36
# Query_time: 0.000266  Lock_time: 0.000047 Rows_sent: 0  Rows_examined: 5
SET timestamp=1667178331;
SELECT * FROM `god_kefu_seat`  WHERE (online = 1);
# Time: 2022-10-31T01:05:31.006930Z
# User@Host: root[root] @  [172.21.0.2]  Id:    36
# Query_time: 0.000177  Lock_time: 0.000030 Rows_sent: 0  Rows_examined: 12
SET timestamp=1667178331;
SELECT * FROM `god_kefu_cust`  WHERE (online = 1);
# Time: 2022-10-31T01:05:32.004671Z
# User@Host: root[root] @  [172.21.0.2]  Id:    36
# Query_time: 0.000191  Lock_time: 0.000043 Rows_sent: 0  Rows_examined: 5
SET timestamp=1667178332;
SELECT * FROM `god_kefu_seat`  WHERE (online = 1);
# Time: 2022-10-31T01:05:32.005942Z
# User@Host: root[root] @  [172.21.0.2]  Id:    36
# Query_time: 0.000130  Lock_time: 0.000023 Rows_sent: 0  Rows_examined: 12
SET timestamp=1667178332;
SELECT * FROM `god_kefu_cust`  WHERE (online = 1);
# Time: 2022-10-31T01:05:33.002570Z
# User@Host: root[root] @  [172.21.0.2]  Id:    36
# Query_time: 0.000232  Lock_time: 0.000039 Rows_sent: 0  Rows_examined: 5
SET timestamp=1667178333;
SELECT * FROM `god_kefu_seat`  WHERE (online = 1);
# Time: 2022-10-31T01:05:33.004055Z
# User@Host: root[root] @  [172.21.0.2]  Id:    36
# Query_time: 0.000155  Lock_time: 0.000032 Rows_sent: 0  Rows_examined: 12
SET timestamp=1667178333;
SELECT * FROM `god_kefu_cust`  WHERE (online = 1);
# Time: 2022-10-31T01:05:34.002253Z
# User@Host: root[root] @  [172.21.0.2]  Id:    36
# Query_time: 0.000192  Lock_time: 0.000033 Rows_sent: 0  Rows_examined: 5
SET timestamp=1667178334;
SELECT * FROM `god_kefu_seat`  WHERE (online = 1);
# Time: 2022-10-31T01:05:34.004702Z
# User@Host: root[root] @  [172.21.0.2]  Id:    36
# Query_time: 0.000132  Lock_time: 0.000030 Rows_sent: 0  Rows_examined: 12
SET timestamp=1667178334;
SELECT * FROM `god_kefu_cust`  WHERE (online = 1);
# Time: 2022-10-31T01:05:35.002667Z
# User@Host: root[root] @  [172.21.0.2]  Id:    36
# Query_time: 0.000172  Lock_time: 0.000034 Rows_sent: 0  Rows_examined: 5
SET timestamp=1667178335;
SELECT * FROM `god_kefu_seat`  WHERE (online = 1);
# Time: 2022-10-31T01:05:35.004327Z
# User@Host: root[root] @  [172.21.0.2]  Id:    36
# Query_time: 0.000125  Lock_time: 0.000023 Rows_sent: 0  Rows_examined: 12
SET timestamp=1667178335;
SELECT * FROM `god_kefu_cust`  WHERE (online = 1);
# Time: 2022-10-31T01:05:36.003682Z
# User@Host: root[root] @  [172.21.0.2]  Id:    36
# Query_time: 0.000188  Lock_time: 0.000039 Rows_sent: 0  Rows_examined: 5
SET timestamp=1667178336;
SELECT * FROM `god_kefu_seat`  WHERE (online = 1);
# Time: 2022-10-31T01:05:36.004947Z
# User@Host: root[root] @  [172.21.0.2]  Id:    36
# Query_time: 0.000183  Lock_time: 0.000069 Rows_sent: 0  Rows_examined: 12
SET timestamp=1667178336;
SELECT * FROM `god_kefu_cust`  WHERE (online = 1);
# Time: 2022-10-31T01:05:37.003045Z
# User@Host: root[root] @  [172.21.0.2]  Id:    36
# Query_time: 0.000189  Lock_time: 0.000035 Rows_sent: 0  Rows_examined: 5
SET timestamp=1667178337;
SELECT * FROM `god_kefu_seat`  WHERE (online = 1);
# Time: 2022-10-31T01:05:37.004333Z
# User@Host: root[root] @  [172.21.0.2]  Id:    36
# Query_time: 0.000116  Lock_time: 0.000028 Rows_sent: 0  Rows_examined: 12
SET timestamp=1667178337;
SELECT * FROM `god_kefu_cust`  WHERE (online = 1);
# Time: 2022-10-31T01:05:38.003595Z
# User@Host: root[root] @  [172.21.0.2]  Id:    36
# Query_time: 0.000214  Lock_time: 0.000037 Rows_sent: 0  Rows_examined: 5
SET timestamp=1667178338;
SELECT * FROM `god_kefu_seat`  WHERE (online = 1);
# Time: 2022-10-31T01:05:38.004748Z
# User@Host: root[root] @  [172.21.0.2]  Id:    36
# Query_time: 0.000121  Lock_time: 0.000021 Rows_sent: 0  Rows_examined: 12
SET timestamp=1667178338;
SELECT * FROM `god_kefu_cust`  WHERE (online = 1);
# Time: 2022-10-31T01:05:39.002708Z
# User@Host: root[root] @  [172.21.0.2]  Id:    36
# Query_time: 0.000196  Lock_time: 0.000051 Rows_sent: 0  Rows_examined: 5
SET timestamp=1667178339;
SELECT * FROM `god_kefu_seat`  WHERE (online = 1);
# Time: 2022-10-31T01:05:39.003676Z
# User@Host: root[root] @  [172.21.0.2]  Id:    36
# Query_time: 0.000090  Lock_time: 0.000020 Rows_sent: 0  Rows_examined: 12
SET timestamp=1667178339;
SELECT * FROM `god_kefu_cust`  WHERE (online = 1);
# Time: 2022-10-31T01:05:40.002319Z
# User@Host: root[root] @  [172.21.0.2]  Id:    36
# Query_time: 0.000122  Lock_time: 0.000027 Rows_sent: 0  Rows_examined: 5
SET timestamp=1667178340;
SELECT * FROM `god_kefu_seat`  WHERE (online = 1);
# Time: 2022-10-31T01:05:40.003503Z
# User@Host: root[root] @  [172.21.0.2]  Id:    36
# Query_time: 0.000179  Lock_time: 0.000026 Rows_sent: 0  Rows_examined: 12
SET timestamp=1667178340;
SELECT * FROM `god_kefu_cust`  WHERE (online = 1);
# Time: 2022-10-31T01:05:41.002994Z
# User@Host: root[root] @  [172.21.0.2]  Id:    36
# Query_time: 0.000155  Lock_time: 0.000036 Rows_sent: 0  Rows_examined: 5
SET timestamp=1667178341;
SELECT * FROM `god_kefu_seat`  WHERE (online = 1);
# Time: 2022-10-31T01:05:41.004190Z
# User@Host: root[root] @  [172.21.0.2]  Id:    36
# Query_time: 0.000123  Lock_time: 0.000026 Rows_sent: 0  Rows_examined: 12
SET timestamp=1667178341;
SELECT * FROM `god_kefu_cust`  WHERE (online = 1);
# Time: 2022-10-31T01:05:42.004661Z
# User@Host: root[root] @  [172.21.0.2]  Id:    36
# Query_time: 0.000134  Lock_time: 0.000028 Rows_sent: 0  Rows_examined: 5
SET timestamp=1667178342;
SELECT * FROM `god_kefu_seat`  WHERE (online = 1);
# Time: 2022-10-31T01:05:42.005656Z
# User@Host: root[root] @  [172.21.0.2]  Id:    36
# Query_time: 0.000113  Lock_time: 0.000033 Rows_sent: 0  Rows_examined: 12
SET timestamp=1667178342;
SELECT * FROM `god_kefu_cust`  WHERE (online = 1);
# Time: 2022-10-31T01:05:43.003387Z
# User@Host: root[root] @  [172.21.0.2]  Id:    36
# Query_time: 0.000218  Lock_time: 0.000044 Rows_sent: 0  Rows_examined: 5
SET timestamp=1667178343;
SELECT * FROM `god_kefu_seat`  WHERE (online = 1);
# Time: 2022-10-31T01:05:43.004614Z
# User@Host: root[root] @  [172.21.0.2]  Id:    36
# Query_time: 0.000159  Lock_time: 0.000028 Rows_sent: 0  Rows_examined: 12
SET timestamp=1667178343;
SELECT * FROM `god_kefu_cust`  WHERE (online = 1);
# Time: 2022-10-31T01:05:44.003678Z
# User@Host: root[root] @  [172.21.0.2]  Id:    36
# Query_time: 0.000202  Lock_time: 0.000035 Rows_sent: 0  Rows_examined: 5
SET timestamp=1667178344;
SELECT * FROM `god_kefu_seat`  WHERE (online = 1);
# Time: 2022-10-31T01:05:44.004909Z
# User@Host: root[root] @  [172.21.0.2]  Id:    36
# Query_time: 0.000105  Lock_time: 0.000023 Rows_sent: 0  Rows_examined: 12
SET timestamp=1667178344;
SELECT * FROM `god_kefu_cust`  WHERE (online = 1);
# Time: 2022-10-31T01:05:45.004201Z
# User@Host: root[root] @  [172.21.0.2]  Id:    36
# Query_time: 0.000176  Lock_time: 0.000034 Rows_sent: 0  Rows_examined: 5
SET timestamp=1667178345;
SELECT * FROM `god_kefu_seat`  WHERE (online = 1);
# Time: 2022-10-31T01:05:45.005593Z
# User@Host: root[root] @  [172.21.0.2]  Id:    36
# Query_time: 0.000241  Lock_time: 0.000026 Rows_sent: 0  Rows_examined: 12
SET timestamp=1667178345;
SELECT * FROM `god_kefu_cust`  WHERE (online = 1);
# Time: 2022-10-31T01:05:46.003703Z
# User@Host: root[root] @  [172.21.0.2]  Id:    36
# Query_time: 0.000359  Lock_time: 0.000033 Rows_sent: 0  Rows_examined: 5
SET timestamp=1667178346;
SELECT * FROM `god_kefu_seat`  WHERE (online = 1);
# Time: 2022-10-31T01:05:46.005033Z
# User@Host: root[root] @  [172.21.0.2]  Id:    36
# Query_time: 0.000234  Lock_time: 0.000024 Rows_sent: 0  Rows_examined: 12
SET timestamp=1667178346;
SELECT * FROM `god_kefu_cust`  WHERE (online = 1);
# Time: 2022-10-31T01:05:47.003687Z
# User@Host: root[root] @  [172.21.0.2]  Id:    36
# Query_time: 0.000212  Lock_time: 0.000046 Rows_sent: 0  Rows_examined: 5
SET timestamp=1667178347;
SELECT * FROM `god_kefu_seat`  WHERE (online = 1);
# Time: 2022-10-31T01:05:47.005199Z
# User@Host: root[root] @  [172.21.0.2]  Id:    36
# Query_time: 0.000124  Lock_time: 0.000029 Rows_sent: 0  Rows_examined: 12
SET timestamp=1667178347;
SELECT * FROM `god_kefu_cust`  WHERE (online = 1);
# Time: 2022-10-31T01:05:48.003617Z
# User@Host: root[root] @  [172.21.0.2]  Id:    36
# Query_time: 0.000272  Lock_time: 0.000045 Rows_sent: 0  Rows_examined: 5
SET timestamp=1667178348;
SELECT * FROM `god_kefu_seat`  WHERE (online = 1);
# Time: 2022-10-31T01:05:48.005044Z
# User@Host: root[root] @  [172.21.0.2]  Id:    36
# Query_time: 0.000175  Lock_time: 0.000035 Rows_sent: 0  Rows_examined: 12
SET timestamp=1667178348;
SELECT * FROM `god_kefu_cust`  WHERE (online = 1);
# Time: 2022-10-31T01:05:49.005089Z
# User@Host: root[root] @  [172.21.0.2]  Id:    36
# Query_time: 0.000253  Lock_time: 0.000035 Rows_sent: 0  Rows_examined: 5
SET timestamp=1667178349;
SELECT * FROM `god_kefu_seat`  WHERE (online = 1);
# Time: 2022-10-31T01:05:49.006369Z
# User@Host: root[root] @  [172.21.0.2]  Id:    36
# Query_time: 0.000137  Lock_time: 0.000024 Rows_sent: 0  Rows_examined: 12
SET timestamp=1667178349;
SELECT * FROM `god_kefu_cust`  WHERE (online = 1);
# Time: 2022-10-31T01:05:50.002783Z
# User@Host: root[root] @  [172.21.0.2]  Id:    36
# Query_time: 0.000178  Lock_time: 0.000032 Rows_sent: 0  Rows_examined: 5
SET timestamp=1667178350;
SELECT * FROM `god_kefu_seat`  WHERE (online = 1);
# Time: 2022-10-31T01:05:50.004076Z
# User@Host: root[root] @  [172.21.0.2]  Id:    36
# Query_time: 0.000106  Lock_time: 0.000023 Rows_sent: 0  Rows_examined: 12
SET timestamp=1667178350;
SELECT * FROM `god_kefu_cust`  WHERE (online = 1);
# Time: 2022-10-31T01:05:51.003847Z
# User@Host: root[root] @  [172.21.0.2]  Id:    36
# Query_time: 0.000187  Lock_time: 0.000031 Rows_sent: 0  Rows_examined: 5
SET timestamp=1667178351;
SELECT * FROM `god_kefu_seat`  WHERE (online = 1);
# Time: 2022-10-31T01:05:51.005018Z
# User@Host: root[root] @  [172.21.0.2]  Id:    36
# Query_time: 0.000141  Lock_time: 0.000024 Rows_sent: 0  Rows_examined: 12
SET timestamp=1667178351;
SELECT * FROM `god_kefu_cust`  WHERE (online = 1);
# Time: 2022-10-31T01:05:52.003125Z
# User@Host: root[root] @  [172.21.0.2]  Id:    36
# Query_time: 0.000134  Lock_time: 0.000028 Rows_sent: 0  Rows_examined: 5
SET timestamp=1667178352;
SELECT * FROM `god_kefu_seat`  WHERE (online = 1);
# Time: 2022-10-31T01:05:52.004120Z
# User@Host: root[root] @  [172.21.0.2]  Id:    36
# Query_time: 0.000090  Lock_time: 0.000019 Rows_sent: 0  Rows_examined: 12
SET timestamp=1667178352;
SELECT * FROM `god_kefu_cust`  WHERE (online = 1);
# Time: 2022-10-31T01:05:53.002573Z
# User@Host: root[root] @  [172.21.0.2]  Id:    36
# Query_time: 0.000281  Lock_time: 0.000044 Rows_sent: 0  Rows_examined: 5
SET timestamp=1667178353;
SELECT * FROM `god_kefu_seat`  WHERE (online = 1);
# Time: 2022-10-31T01:05:53.004019Z
# User@Host: root[root] @  [172.21.0.2]  Id:    36
# Query_time: 0.000167  Lock_time: 0.000036 Rows_sent: 0  Rows_examined: 12
SET timestamp=1667178353;
SELECT * FROM `god_kefu_cust`  WHERE (online = 1);
# Time: 2022-10-31T01:05:54.002902Z
# User@Host: root[root] @  [172.21.0.2]  Id:    36
# Query_time: 0.000150  Lock_time: 0.000033 Rows_sent: 0  Rows_examined: 5
SET timestamp=1667178354;
SELECT * FROM `god_kefu_seat`  WHERE (online = 1);
# Time: 2022-10-31T01:05:54.004371Z
# User@Host: root[root] @  [172.21.0.2]  Id:    36
# Query_time: 0.000132  Lock_time: 0.000032 Rows_sent: 0  Rows_examined: 12
SET timestamp=1667178354;
SELECT * FROM `god_kefu_cust`  WHERE (online = 1);
# Time: 2022-10-31T01:05:55.003138Z
# User@Host: root[root] @  [172.21.0.2]  Id:    36
# Query_time: 0.000292  Lock_time: 0.000031 Rows_sent: 0  Rows_examined: 5
SET timestamp=1667178355;
SELECT * FROM `god_kefu_seat`  WHERE (online = 1);
# Time: 2022-10-31T01:05:55.004686Z
# User@Host: root[root] @  [172.21.0.2]  Id:    36
# Query_time: 0.000304  Lock_time: 0.000069 Rows_sent: 0  Rows_examined: 12
SET timestamp=1667178355;
SELECT * FROM `god_kefu_cust`  WHERE (online = 1);
# Time: 2022-10-31T01:05:56.003754Z
# User@Host: root[root] @  [172.21.0.2]  Id:    36
# Query_time: 0.000187  Lock_time: 0.000041 Rows_sent: 0  Rows_examined: 5
SET timestamp=1667178356;
SELECT * FROM `god_kefu_seat`  WHERE (online = 1);
# Time: 2022-10-31T01:05:56.005359Z
# User@Host: root[root] @  [172.21.0.2]  Id:    36
# Query_time: 0.000169  Lock_time: 0.000036 Rows_sent: 0  Rows_examined: 12
SET timestamp=1667178356;
SELECT * FROM `god_kefu_cust`  WHERE (online = 1);
# Time: 2022-10-31T01:05:57.002464Z
# User@Host: root[root] @  [172.21.0.2]  Id:    36
# Query_time: 0.000325  Lock_time: 0.000031 Rows_sent: 0  Rows_examined: 5
SET timestamp=1667178357;
SELECT * FROM `god_kefu_seat`  WHERE (online = 1);
# Time: 2022-10-31T01:05:57.003856Z
# User@Host: root[root] @  [172.21.0.2]  Id:    36
# Query_time: 0.000203  Lock_time: 0.000024 Rows_sent: 0  Rows_examined: 12
SET timestamp=1667178357;
SELECT * FROM `god_kefu_cust`  WHERE (online = 1);
# Time: 2022-10-31T01:05:58.003126Z
# User@Host: root[root] @  [172.21.0.2]  Id:    36
# Query_time: 0.000332  Lock_time: 0.000036 Rows_sent: 0  Rows_examined: 5
SET timestamp=1667178358;
SELECT * FROM `god_kefu_seat`  WHERE (online = 1);
# Time: 2022-10-31T01:05:58.004217Z
# User@Host: root[root] @  [172.21.0.2]  Id:    36
# Query_time: 0.000213  Lock_time: 0.000022 Rows_sent: 0  Rows_examined: 12
SET timestamp=1667178358;
SELECT * FROM `god_kefu_cust`  WHERE (online = 1);
# Time: 2022-10-31T01:05:59.002537Z
# User@Host: root[root] @  [172.21.0.2]  Id:    36
# Query_time: 0.000223  Lock_time: 0.000037 Rows_sent: 0  Rows_examined: 5
SET timestamp=1667178359;
SELECT * FROM `god_kefu_seat`  WHERE (online = 1);
# Time: 2022-10-31T01:05:59.003803Z
# User@Host: root[root] @  [172.21.0.2]  Id:    36
# Query_time: 0.000129  Lock_time: 0.000023 Rows_sent: 0  Rows_examined: 12
SET timestamp=1667178359;
SELECT * FROM `god_kefu_cust`  WHERE (online = 1);
mysqld, Version: 5.7.36-log (MySQL Community Server (GPL)). started with:
Tcp port: 0  Unix socket: /var/run/mysqld/mysqld.sock
Time                 Id Command    Argument
mysqld, Version: 5.7.36-log (MySQL Community Server (GPL)). started with:
Tcp port: 0  Unix socket: /var/run/mysqld/mysqld.sock
Time                 Id Command    Argument
mysqld, Version: 5.7.36-log (MySQL Community Server (GPL)). started with:
Tcp port: 0  Unix socket: /var/run/mysqld/mysqld.sock
Time                 Id Command    Argument
mysqld, Version: 5.7.36-log (MySQL Community Server (GPL)). started with:
Tcp port: 0  Unix socket: /var/run/mysqld/mysqld.sock
Time                 Id Command    Argument
mysqld, Version: 5.7.36-log (MySQL Community Server (GPL)). started with:
Tcp port: 0  Unix socket: /var/run/mysqld/mysqld.sock
Time                 Id Command    Argument
